<?xml version="1.0" encoding="UTF-8"?>
<testsuite name="Driver_lab3bTest" tests="10" skipped="0" failures="0" errors="0" timestamp="2021-03-19T17:21:47" hostname="Alexs-Mac-mini" time="0.181">
  <properties/>
  <testcase name="test10()" classname="Driver_lab3bTest" time="0.008"/>
  <testcase name="test1()" classname="Driver_lab3bTest" time="0.0"/>
  <testcase name="test2()" classname="Driver_lab3bTest" time="0.041"/>
  <testcase name="test3()" classname="Driver_lab3bTest" time="0.12"/>
  <testcase name="test4()" classname="Driver_lab3bTest" time="0.002"/>
  <testcase name="test5()" classname="Driver_lab3bTest" time="0.001"/>
  <testcase name="test6()" classname="Driver_lab3bTest" time="0.001"/>
  <testcase name="test7()" classname="Driver_lab3bTest" time="0.001"/>
  <testcase name="test8()" classname="Driver_lab3bTest" time="0.001"/>
  <testcase name="test9()" classname="Driver_lab3bTest" time="0.001"/>
  <system-out><![CDATA[6E 26 59 36 
62 73 5E 64 
55 63 23 30 
4F 3E 25 43 
[[6E, 26, 59, 36], [62, 73, 5E, 64], [55, 63, 23, 30], [4F, 3E, 25, 43]]
nbUO&sc>Y^#%6d0C
Answer from Hex Matrix: 
[[6E, 26, 59, 36], [62, 73, 5E, 64], [55, 63, 23, 30], [4F, 3E, 25, 43]]

69 30 65 7B 
35 51 74 46 
26 70 7C 51 
7D 5B 51 2A 
[[69, 30, 65, 7B], [35, 51, 74, 46], [26, 70, 7C, 51], [7D, 5B, 51, 2A]]
i5&}0Qp[et|Q{FQ*
Answer from Hex Matrix: 
[[69, 30, 65, 7B], [35, 51, 74, 46], [26, 70, 7C, 51], [7D, 5B, 51, 2A]]

2D 77 6A 25 
6F 3E 22 38 
3F 58 32 39 
27 26 5E 6C 
[[2D, 77, 6A, 25], [6F, 3E, 22, 38], [3F, 58, 32, 39], [27, 26, 5E, 6C]]
-o?'w>X&j"2^%89l
Answer from Hex Matrix: 
[[2D, 77, 6A, 25], [6F, 3E, 22, 38], [3F, 58, 32, 39], [27, 26, 5E, 6C]]

74 79 2D 7B 
51 41 43 5D 
7D 55 3C 2D 
50 2C 67 24 
[[74, 79, 2D, 7B], [51, 41, 43, 5D], [7D, 55, 3C, 2D], [50, 2C, 67, 24]]
tQ}PyAU,-C<g{]-$
Answer from Hex Matrix: 
[[74, 79, 2D, 7B], [51, 41, 43, 5D], [7D, 55, 3C, 2D], [50, 2C, 67, 24]]

65 39 49 59 
55 30 5C 7B 
56 35 4B 53 
76 24 38 29 
[[65, 39, 49, 59], [55, 30, 5C, 7B], [56, 35, 4B, 53], [76, 24, 38, 29]]
eUVv905$I\K8Y{S)
Answer from Hex Matrix: 
[[65, 39, 49, 59], [55, 30, 5C, 7B], [56, 35, 4B, 53], [76, 24, 38, 29]]

72 22 70 4C 
3F 45 45 69 
23 33 68 58 
53 34 2D 27 
[[72, 22, 70, 4C], [3F, 45, 45, 69], [23, 33, 68, 58], [53, 34, 2D, 27]]
r?#S"E34pEh-LiX'
Answer from Hex Matrix: 
[[72, 22, 70, 4C], [3F, 45, 45, 69], [23, 33, 68, 58], [53, 34, 2D, 27]]

6A 38 55 72 
2C 56 28 67 
26 43 22 46 
39 4E 4A 49 
[[6A, 38, 55, 72], [2C, 56, 28, 67], [26, 43, 22, 46], [39, 4E, 4A, 49]]
j,&98VCNU("JrgFI
Answer from Hex Matrix: 
[[6A, 38, 55, 72], [2C, 56, 28, 67], [26, 43, 22, 46], [39, 4E, 4A, 49]]

60 64 29 23 
6A 38 21 69 
27 78 24 47 
62 22 65 74 
[[60, 64, 29, 23], [6A, 38, 21, 69], [27, 78, 24, 47], [62, 22, 65, 74]]
`j'bd8x")!$e#iGt
Answer from Hex Matrix: 
[[60, 64, 29, 23], [6A, 38, 21, 69], [27, 78, 24, 47], [62, 22, 65, 74]]

3A 64 61 50 
61 4F 35 59 
4A 41 3A 4A 
24 68 5D 4B 
[[3A, 64, 61, 50], [61, 4F, 35, 59], [4A, 41, 3A, 4A], [24, 68, 5D, 4B]]
:aJ$dOAha5:]PYJK
Answer from Hex Matrix: 
[[3A, 64, 61, 50], [61, 4F, 35, 59], [4A, 41, 3A, 4A], [24, 68, 5D, 4B]]

75 57 69 64 
70 64 69 69 
69 37 7A 43 
25 4B 2D 48 
[[75, 57, 69, 64], [70, 64, 69, 69], [69, 37, 7A, 43], [25, 4B, 2D, 48]]
upi%Wd7Kiiz-diCH
Answer from Hex Matrix: 
[[75, 57, 69, 64], [70, 64, 69, 69], [69, 37, 7A, 43], [25, 4B, 2D, 48]]

5E 56 24 70 
3A 33 38 7D 
48 4B 5D 3B 
5D 31 69 44 
[[5E, 56, 24, 70], [3A, 33, 38, 7D], [48, 4B, 5D, 3B], [5D, 31, 69, 44]]
^:H]V3K1$8]ip};D
Answer from Hex Matrix: 
[[5E, 56, 24, 70], [3A, 33, 38, 7D], [48, 4B, 5D, 3B], [5D, 31, 69, 44]]

29 60 51 6E 
52 70 40 6A 
33 70 3E 5A 
31 79 50 45 
[[29, 60, 51, 6E], [52, 70, 40, 6A], [33, 70, 3E, 5A], [31, 79, 50, 45]]
)R31`ppyQ@>PnjZE
Answer from Hex Matrix: 
[[29, 60, 51, 6E], [52, 70, 40, 6A], [33, 70, 3E, 5A], [31, 79, 50, 45]]

5F 48 41 70 
2B 68 78 65 
4A 3C 53 34 
67 71 6F 6A 
[[5F, 48, 41, 70], [2B, 68, 78, 65], [4A, 3C, 53, 34], [67, 71, 6F, 6A]]
_+JgHh<qAxSope4j
Answer from Hex Matrix: 
[[5F, 48, 41, 70], [2B, 68, 78, 65], [4A, 3C, 53, 34], [67, 71, 6F, 6A]]

74 28 74 64 
71 7C 71 56 
4E 25 3C 3D 
3C 30 43 78 
[[74, 28, 74, 64], [71, 7C, 71, 56], [4E, 25, 3C, 3D], [3C, 30, 43, 78]]
tqN<(|%0tq<CdV=x
Answer from Hex Matrix: 
[[74, 28, 74, 64], [71, 7C, 71, 56], [4E, 25, 3C, 3D], [3C, 30, 43, 78]]

6B 63 51 44 
48 2C 56 68 
60 36 5D 6D 
4C 41 57 43 
[[6B, 63, 51, 44], [48, 2C, 56, 68], [60, 36, 5D, 6D], [4C, 41, 57, 43]]
kH`Lc,6AQV]WDhmC
Answer from Hex Matrix: 
[[6B, 63, 51, 44], [48, 2C, 56, 68], [60, 36, 5D, 6D], [4C, 41, 57, 43]]

2A 6D 31 7B 
4A 32 5F 74 
3B 75 43 27 
6A 7C 73 28 
[[2A, 6D, 31, 7B], [4A, 32, 5F, 74], [3B, 75, 43, 27], [6A, 7C, 73, 28]]
*J;jm2u|1_Cs{t'(
Answer from Hex Matrix: 
[[2A, 6D, 31, 7B], [4A, 32, 5F, 74], [3B, 75, 43, 27], [6A, 7C, 73, 28]]

38 68 55 2C 
53 46 31 63 
4A 44 2C 5B 
41 2E 25 4F 
[[38, 68, 55, 2C], [53, 46, 31, 63], [4A, 44, 2C, 5B], [41, 2E, 25, 4F]]
8SJAhFD.U1,%,c[O
Answer from Hex Matrix: 
[[38, 68, 55, 2C], [53, 46, 31, 63], [4A, 44, 2C, 5B], [41, 2E, 25, 4F]]

67 6B 6D 62 
3C 46 79 6D 
2F 4D 6F 3E 
5F 34 33 31 
[[67, 6B, 6D, 62], [3C, 46, 79, 6D], [2F, 4D, 6F, 3E], [5F, 34, 33, 31]]
g</_kFM4myo3bm>1
Answer from Hex Matrix: 
[[67, 6B, 6D, 62], [3C, 46, 79, 6D], [2F, 4D, 6F, 3E], [5F, 34, 33, 31]]

2F 30 53 78 
2C 61 6D 5A 
37 4C 39 57 
47 76 62 58 
[[2F, 30, 53, 78], [2C, 61, 6D, 5A], [37, 4C, 39, 57], [47, 76, 62, 58]]
/,7G0aLvSm9bxZWX
Answer from Hex Matrix: 
[[2F, 30, 53, 78], [2C, 61, 6D, 5A], [37, 4C, 39, 57], [47, 76, 62, 58]]

34 6F 5E 5E 
6B 5E 77 35 
70 63 64 31 
43 2E 42 6A 
[[34, 6F, 5E, 5E], [6B, 5E, 77, 35], [70, 63, 64, 31], [43, 2E, 42, 6A]]
4kpCo^c.^wdB^51j
Answer from Hex Matrix: 
[[34, 6F, 5E, 5E], [6B, 5E, 77, 35], [70, 63, 64, 31], [43, 2E, 42, 6A]]

69 37 5B 68 
72 4F 21 50 
34 5D 6E 71 
37 55 67 70 
[[69, 37, 5B, 68], [72, 4F, 21, 50], [34, 5D, 6E, 71], [37, 55, 67, 70]]
ir477O]U[!nghPqp
Answer from Hex Matrix: 
[[69, 37, 5B, 68], [72, 4F, 21, 50], [34, 5D, 6E, 71], [37, 55, 67, 70]]

55 40 3C 57 
58 73 44 57 
7C 53 40 2B 
53 25 45 46 
[[55, 40, 3C, 57], [58, 73, 44, 57], [7C, 53, 40, 2B], [53, 25, 45, 46]]
UX|S@sS%<D@EWW+F
Answer from Hex Matrix: 
[[55, 40, 3C, 57], [58, 73, 44, 57], [7C, 53, 40, 2B], [53, 25, 45, 46]]

5B 3D 68 26 
36 28 69 2E 
6F 51 63 2D 
50 4D 47 6F 
[[5B, 3D, 68, 26], [36, 28, 69, 2E], [6F, 51, 63, 2D], [50, 4D, 47, 6F]]
[6oP=(QMhicG&.-o
Answer from Hex Matrix: 
[[5B, 3D, 68, 26], [36, 28, 69, 2E], [6F, 51, 63, 2D], [50, 4D, 47, 6F]]

5A 59 4D 75 
5F 72 5C 59 
38 3D 58 68 
51 7C 33 25 
[[5A, 59, 4D, 75], [5F, 72, 5C, 59], [38, 3D, 58, 68], [51, 7C, 33, 25]]
Z_8QYr=|M\X3uYh%
Answer from Hex Matrix: 
[[5A, 59, 4D, 75], [5F, 72, 5C, 59], [38, 3D, 58, 68], [51, 7C, 33, 25]]

3D 5F 2D 56 
34 4C 70 7A 
42 49 34 56 
63 4E 4F 4F 
[[3D, 5F, 2D, 56], [34, 4C, 70, 7A], [42, 49, 34, 56], [63, 4E, 4F, 4F]]
=4Bc_LIN-p4OVzVO
Answer from Hex Matrix: 
[[3D, 5F, 2D, 56], [34, 4C, 70, 7A], [42, 49, 34, 56], [63, 4E, 4F, 4F]]

35 4D 2F 4E 
59 3A 54 50 
6C 5A 24 7A 
38 66 54 38 
[[35, 4D, 2F, 4E], [59, 3A, 54, 50], [6C, 5A, 24, 7A], [38, 66, 54, 38]]
5Yl8M:Zf/T$TNPz8
Answer from Hex Matrix: 
[[35, 4D, 2F, 4E], [59, 3A, 54, 50], [6C, 5A, 24, 7A], [38, 66, 54, 38]]

78 74 34 71 
42 74 2C 57 
54 44 71 47 
46 67 61 2A 
[[78, 74, 34, 71], [42, 74, 2C, 57], [54, 44, 71, 47], [46, 67, 61, 2A]]
xBTFttDg4,qaqWG*
Answer from Hex Matrix: 
[[78, 74, 34, 71], [42, 74, 2C, 57], [54, 44, 71, 47], [46, 67, 61, 2A]]

34 22 46 6B 
69 4D 62 45 
62 53 51 2A 
7D 4E 3D 26 
[[34, 22, 46, 6B], [69, 4D, 62, 45], [62, 53, 51, 2A], [7D, 4E, 3D, 26]]
4ib}"MSNFbQ=kE*&
Answer from Hex Matrix: 
[[34, 22, 46, 6B], [69, 4D, 62, 45], [62, 53, 51, 2A], [7D, 4E, 3D, 26]]

55 2F 77 48 
31 45 4E 7C 
45 6B 79 44 
7C 46 67 5A 
[[55, 2F, 77, 48], [31, 45, 4E, 7C], [45, 6B, 79, 44], [7C, 46, 67, 5A]]
U1E|/EkFwNygH|DZ
Answer from Hex Matrix: 
[[55, 2F, 77, 48], [31, 45, 4E, 7C], [45, 6B, 79, 44], [7C, 46, 67, 5A]]

6D 6C 29 40 
75 6A 68 26 
73 2B 79 60 
5E 3D 28 7A 
[[6D, 6C, 29, 40], [75, 6A, 68, 26], [73, 2B, 79, 60], [5E, 3D, 28, 7A]]
mus^lj+=)hy(@&`z
Answer from Hex Matrix: 
[[6D, 6C, 29, 40], [75, 6A, 68, 26], [73, 2B, 79, 60], [5E, 3D, 28, 7A]]

6E 49 4B 23 
46 66 4A 46 
50 46 70 77 
5D 2A 2D 5E 
[[6E, 49, 4B, 23], [46, 66, 4A, 46], [50, 46, 70, 77], [5D, 2A, 2D, 5E]]
nFP]IfF*KJp-#Fw^
Answer from Hex Matrix: 
[[6E, 49, 4B, 23], [46, 66, 4A, 46], [50, 46, 70, 77], [5D, 2A, 2D, 5E]]

3F 2D 50 55 
2F 7A 3F 78 
4E 7A 58 42 
4F 4D 51 33 
[[3F, 2D, 50, 55], [2F, 7A, 3F, 78], [4E, 7A, 58, 42], [4F, 4D, 51, 33]]
?/NO-zzMP?XQUxB3
Answer from Hex Matrix: 
[[3F, 2D, 50, 55], [2F, 7A, 3F, 78], [4E, 7A, 58, 42], [4F, 4D, 51, 33]]

55 65 53 70 
60 2E 6F 6F 
59 65 53 56 
61 4F 4F 63 
[[55, 65, 53, 70], [60, 2E, 6F, 6F], [59, 65, 53, 56], [61, 4F, 4F, 63]]
U`Yae.eOSoSOpoVc
Answer from Hex Matrix: 
[[55, 65, 53, 70], [60, 2E, 6F, 6F], [59, 65, 53, 56], [61, 4F, 4F, 63]]

4D 24 41 5C 
6A 40 7D 29 
51 3D 57 27 
2C 65 63 4B 
[[4D, 24, 41, 5C], [6A, 40, 7D, 29], [51, 3D, 57, 27], [2C, 65, 63, 4B]]
MjQ,$@=eA}Wc\)'K
Answer from Hex Matrix: 
[[4D, 24, 41, 5C], [6A, 40, 7D, 29], [51, 3D, 57, 27], [2C, 65, 63, 4B]]

51 57 22 2D 
3C 3D 5A 73 
65 51 53 6D 
3D 54 5A 49 
[[51, 57, 22, 2D], [3C, 3D, 5A, 73], [65, 51, 53, 6D], [3D, 54, 5A, 49]]
Q<e=W=QT"ZSZ-smI
Answer from Hex Matrix: 
[[51, 57, 22, 2D], [3C, 3D, 5A, 73], [65, 51, 53, 6D], [3D, 54, 5A, 49]]

7A 4E 4D 22 
5F 34 54 75 
31 62 41 34 
43 57 5E 3E 
[[7A, 4E, 4D, 22], [5F, 34, 54, 75], [31, 62, 41, 34], [43, 57, 5E, 3E]]
z_1CN4bWMTA^"u4>
Answer from Hex Matrix: 
[[7A, 4E, 4D, 22], [5F, 34, 54, 75], [31, 62, 41, 34], [43, 57, 5E, 3E]]

22 65 4F 2C 
3F 5A 5B 37 
26 44 75 6B 
69 61 2B 31 
[[22, 65, 4F, 2C], [3F, 5A, 5B, 37], [26, 44, 75, 6B], [69, 61, 2B, 31]]
"?&ieZDaO[u+,7k1
Answer from Hex Matrix: 
[[22, 65, 4F, 2C], [3F, 5A, 5B, 37], [26, 44, 75, 6B], [69, 61, 2B, 31]]

69 22 59 25 
79 29 5A 52 
47 32 5A 5B 
23 46 2C 24 
[[69, 22, 59, 25], [79, 29, 5A, 52], [47, 32, 5A, 5B], [23, 46, 2C, 24]]
iyG#")2FYZZ,%R[$
Answer from Hex Matrix: 
[[69, 22, 59, 25], [79, 29, 5A, 52], [47, 32, 5A, 5B], [23, 46, 2C, 24]]

5F 3F 40 38 
59 27 4F 70 
30 39 55 3D 
65 42 29 4A 
[[5F, 3F, 40, 38], [59, 27, 4F, 70], [30, 39, 55, 3D], [65, 42, 29, 4A]]
_Y0e?'9B@OU)8p=J
Answer from Hex Matrix: 
[[5F, 3F, 40, 38], [59, 27, 4F, 70], [30, 39, 55, 3D], [65, 42, 29, 4A]]

7D 31 23 4A 
42 29 33 72 
70 5A 58 4E 
47 6C 26 31 
[[7D, 31, 23, 4A], [42, 29, 33, 72], [70, 5A, 58, 4E], [47, 6C, 26, 31]]
}BpG1)Zl#3X&JrN1
Answer from Hex Matrix: 
[[7D, 31, 23, 4A], [42, 29, 33, 72], [70, 5A, 58, 4E], [47, 6C, 26, 31]]

2D 79 24 5F 
42 2E 54 37 
66 36 3C 39 
63 6C 2C 3A 
[[2D, 79, 24, 5F], [42, 2E, 54, 37], [66, 36, 3C, 39], [63, 6C, 2C, 3A]]
-Bfcy.6l$T<,_79:
Answer from Hex Matrix: 
[[2D, 79, 24, 5F], [42, 2E, 54, 37], [66, 36, 3C, 39], [63, 6C, 2C, 3A]]

4C 4A 61 56 
37 32 5F 72 
4E 40 36 38 
39 37 6C 47 
[[4C, 4A, 61, 56], [37, 32, 5F, 72], [4E, 40, 36, 38], [39, 37, 6C, 47]]
L7N9J2@7a_6lVr8G
Answer from Hex Matrix: 
[[4C, 4A, 61, 56], [37, 32, 5F, 72], [4E, 40, 36, 38], [39, 37, 6C, 47]]

6B 7D 58 41 
2D 45 39 59 
32 4C 6C 68 
5B 37 34 78 
[[6B, 7D, 58, 41], [2D, 45, 39, 59], [32, 4C, 6C, 68], [5B, 37, 34, 78]]
k-2[}EL7X9l4AYhx
Answer from Hex Matrix: 
[[6B, 7D, 58, 41], [2D, 45, 39, 59], [32, 4C, 6C, 68], [5B, 37, 34, 78]]

73 25 62 78 
34 68 7C 5B 
48 29 5F 73 
5F 44 4F 22 
[[73, 25, 62, 78], [34, 68, 7C, 5B], [48, 29, 5F, 73], [5F, 44, 4F, 22]]
s4H_%h)Db|_Ox[s"
Answer from Hex Matrix: 
[[73, 25, 62, 78], [34, 68, 7C, 5B], [48, 29, 5F, 73], [5F, 44, 4F, 22]]

6D 79 42 3B 
36 31 64 5E 
67 75 30 61 
4B 37 7B 39 
[[6D, 79, 42, 3B], [36, 31, 64, 5E], [67, 75, 30, 61], [4B, 37, 7B, 39]]
m6gKy1u7Bd0{;^a9
Answer from Hex Matrix: 
[[6D, 79, 42, 3B], [36, 31, 64, 5E], [67, 75, 30, 61], [4B, 37, 7B, 39]]

7C 52 47 57 
5C 63 25 67 
47 6E 4B 70 
40 5C 45 4D 
[[7C, 52, 47, 57], [5C, 63, 25, 67], [47, 6E, 4B, 70], [40, 5C, 45, 4D]]
|\G@Rcn\G%KEWgpM
Answer from Hex Matrix: 
[[7C, 52, 47, 57], [5C, 63, 25, 67], [47, 6E, 4B, 70], [40, 5C, 45, 4D]]

24 38 71 6D 
44 73 7B 5A 
57 54 78 72 
67 6F 46 3F 
[[24, 38, 71, 6D], [44, 73, 7B, 5A], [57, 54, 78, 72], [67, 6F, 46, 3F]]
$DWg8sToq{xFmZr?
Answer from Hex Matrix: 
[[24, 38, 71, 6D], [44, 73, 7B, 5A], [57, 54, 78, 72], [67, 6F, 46, 3F]]

49 46 2E 6A 
38 68 49 69 
3B 2F 2F 5E 
27 2B 3B 52 
[[49, 46, 2E, 6A], [38, 68, 49, 69], [3B, 2F, 2F, 5E], [27, 2B, 3B, 52]]
I8;'Fh/+.I/;ji^R
Answer from Hex Matrix: 
[[49, 46, 2E, 6A], [38, 68, 49, 69], [3B, 2F, 2F, 5E], [27, 2B, 3B, 52]]

77 34 42 5E 
48 47 58 38 
25 6A 44 3A 
7B 65 22 49 
[[77, 34, 42, 5E], [48, 47, 58, 38], [25, 6A, 44, 3A], [7B, 65, 22, 49]]
wH%{4GjeBXD"^8:I
Answer from Hex Matrix: 
[[77, 34, 42, 5E], [48, 47, 58, 38], [25, 6A, 44, 3A], [7B, 65, 22, 49]]

63 79 70 32 
2E 33 39 5B 
62 51 33 78 
49 6E 2C 3D 
[[63, 79, 70, 32], [2E, 33, 39, 5B], [62, 51, 33, 78], [49, 6E, 2C, 3D]]
c.bIy3Qnp93,2[x=
Answer from Hex Matrix: 
[[63, 79, 70, 32], [2E, 33, 39, 5B], [62, 51, 33, 78], [49, 6E, 2C, 3D]]

4F 39 4F 4C 
23 46 25 64 
44 66 5A 76 
4A 6D 7A 4D 
[[4F, 39, 4F, 4C], [23, 46, 25, 64], [44, 66, 5A, 76], [4A, 6D, 7A, 4D]]
O#DJ9FfmO%ZzLdvM
Answer from Hex Matrix: 
[[4F, 39, 4F, 4C], [23, 46, 25, 64], [44, 66, 5A, 76], [4A, 6D, 7A, 4D]]

76 70 39 5F 
5D 2C 48 4F 
48 41 72 78 
60 3E 2F 2B 
[[76, 70, 39, 5F], [5D, 2C, 48, 4F], [48, 41, 72, 78], [60, 3E, 2F, 2B]]
v]H`p,A>9Hr/_Ox+
Answer from Hex Matrix: 
[[76, 70, 39, 5F], [5D, 2C, 48, 4F], [48, 41, 72, 78], [60, 3E, 2F, 2B]]

2F 6C 4D 28 
79 74 66 5A 
79 5E 48 53 
48 3F 22 27 
[[2F, 6C, 4D, 28], [79, 74, 66, 5A], [79, 5E, 48, 53], [48, 3F, 22, 27]]
/yyHlt^?MfH"(ZS'
Answer from Hex Matrix: 
[[2F, 6C, 4D, 28], [79, 74, 66, 5A], [79, 5E, 48, 53], [48, 3F, 22, 27]]

30 3D 3F 6C 
2B 40 74 3A 
75 24 4F 40 
6C 76 22 5A 
[[30, 3D, 3F, 6C], [2B, 40, 74, 3A], [75, 24, 4F, 40], [6C, 76, 22, 5A]]
0+ul=@$v?tO"l:@Z
Answer from Hex Matrix: 
[[30, 3D, 3F, 6C], [2B, 40, 74, 3A], [75, 24, 4F, 40], [6C, 76, 22, 5A]]

51 38 64 6D 
68 69 2B 58 
35 60 65 30 
79 35 42 3A 
[[51, 38, 64, 6D], [68, 69, 2B, 58], [35, 60, 65, 30], [79, 35, 42, 3A]]
Qh5y8i`5d+eBmX0:
Answer from Hex Matrix: 
[[51, 38, 64, 6D], [68, 69, 2B, 58], [35, 60, 65, 30], [79, 35, 42, 3A]]

63 43 58 6E 
65 2E 39 75 
79 3E 2E 53 
54 7A 63 76 
[[63, 43, 58, 6E], [65, 2E, 39, 75], [79, 3E, 2E, 53], [54, 7A, 63, 76]]
ceyTC.>zX9.cnuSv
Answer from Hex Matrix: 
[[63, 43, 58, 6E], [65, 2E, 39, 75], [79, 3E, 2E, 53], [54, 7A, 63, 76]]

2B 2E 5A 66 
76 21 48 58 
26 54 76 47 
70 7C 52 2F 
[[2B, 2E, 5A, 66], [76, 21, 48, 58], [26, 54, 76, 47], [70, 7C, 52, 2F]]
+v&p.!T|ZHvRfXG/
Answer from Hex Matrix: 
[[2B, 2E, 5A, 66], [76, 21, 48, 58], [26, 54, 76, 47], [70, 7C, 52, 2F]]

2F 31 28 3A 
56 59 23 3D 
69 35 5D 67 
75 39 78 36 
[[2F, 31, 28, 3A], [56, 59, 23, 3D], [69, 35, 5D, 67], [75, 39, 78, 36]]
/Viu1Y59(#]x:=g6
Answer from Hex Matrix: 
[[2F, 31, 28, 3A], [56, 59, 23, 3D], [69, 35, 5D, 67], [75, 39, 78, 36]]

35 73 36 75 
76 53 3F 5C 
31 43 31 6C 
48 7A 5E 48 
[[35, 73, 36, 75], [76, 53, 3F, 5C], [31, 43, 31, 6C], [48, 7A, 5E, 48]]
5v1HsSCz6?1^u\lH
Answer from Hex Matrix: 
[[35, 73, 36, 75], [76, 53, 3F, 5C], [31, 43, 31, 6C], [48, 7A, 5E, 48]]

4B 22 71 62 
36 3F 53 23 
26 3E 60 5E 
76 74 5D 54 
[[4B, 22, 71, 62], [36, 3F, 53, 23], [26, 3E, 60, 5E], [76, 74, 5D, 54]]
K6&v"?>tqS`]b#^T
Answer from Hex Matrix: 
[[4B, 22, 71, 62], [36, 3F, 53, 23], [26, 3E, 60, 5E], [76, 74, 5D, 54]]

3D 48 75 47 
37 47 60 6A 
77 4B 6A 36 
36 2D 6D 33 
[[3D, 48, 75, 47], [37, 47, 60, 6A], [77, 4B, 6A, 36], [36, 2D, 6D, 33]]
=7w6HGK-u`jmGj63
Answer from Hex Matrix: 
[[3D, 48, 75, 47], [37, 47, 60, 6A], [77, 4B, 6A, 36], [36, 2D, 6D, 33]]

49 72 7D 21 
5D 67 26 63 
23 39 7D 24 
47 3F 4D 64 
[[49, 72, 7D, 21], [5D, 67, 26, 63], [23, 39, 7D, 24], [47, 3F, 4D, 64]]
I]#Grg9?}&}M!c$d
Answer from Hex Matrix: 
[[49, 72, 7D, 21], [5D, 67, 26, 63], [23, 39, 7D, 24], [47, 3F, 4D, 64]]

57 57 22 21 
45 40 34 4F 
65 62 4A 63 
2D 43 70 77 
[[57, 57, 22, 21], [45, 40, 34, 4F], [65, 62, 4A, 63], [2D, 43, 70, 77]]
WEe-W@bC"4Jp!Ocw
Answer from Hex Matrix: 
[[57, 57, 22, 21], [45, 40, 34, 4F], [65, 62, 4A, 63], [2D, 43, 70, 77]]

2E 54 54 39 
5F 6B 58 5C 
24 3D 24 68 
77 46 69 7D 
[[2E, 54, 54, 39], [5F, 6B, 58, 5C], [24, 3D, 24, 68], [77, 46, 69, 7D]]
._$wTk=FTX$i9\h}
Answer from Hex Matrix: 
[[2E, 54, 54, 39], [5F, 6B, 58, 5C], [24, 3D, 24, 68], [77, 46, 69, 7D]]

66 56 5C 28 
34 5D 21 42 
7C 30 74 37 
75 5A 58 53 
[[66, 56, 5C, 28], [34, 5D, 21, 42], [7C, 30, 74, 37], [75, 5A, 58, 53]]
f4|uV]0Z\!tX(B7S
Answer from Hex Matrix: 
[[66, 56, 5C, 28], [34, 5D, 21, 42], [7C, 30, 74, 37], [75, 5A, 58, 53]]

46 5C 52 7B 
2C 67 68 47 
6F 30 66 4D 
32 5F 7B 31 
[[46, 5C, 52, 7B], [2C, 67, 68, 47], [6F, 30, 66, 4D], [32, 5F, 7B, 31]]
F,o2\g0_Rhf{{GM1
Answer from Hex Matrix: 
[[46, 5C, 52, 7B], [2C, 67, 68, 47], [6F, 30, 66, 4D], [32, 5F, 7B, 31]]

4E 4A 68 57 
48 4D 3D 62 
7D 71 75 46 
6E 49 6B 5D 
[[4E, 4A, 68, 57], [48, 4D, 3D, 62], [7D, 71, 75, 46], [6E, 49, 6B, 5D]]
NH}nJMqIh=ukWbF]
Answer from Hex Matrix: 
[[4E, 4A, 68, 57], [48, 4D, 3D, 62], [7D, 71, 75, 46], [6E, 49, 6B, 5D]]

43 35 24 2B 
7A 5C 24 66 
6D 44 40 72 
6D 5C 24 4E 
[[43, 35, 24, 2B], [7A, 5C, 24, 66], [6D, 44, 40, 72], [6D, 5C, 24, 4E]]
Czmm5\D\$$@$+frN
Answer from Hex Matrix: 
[[43, 35, 24, 2B], [7A, 5C, 24, 66], [6D, 44, 40, 72], [6D, 5C, 24, 4E]]

48 4C 3B 36 
56 2F 32 3B 
62 4F 35 54 
29 71 24 28 
[[48, 4C, 3B, 36], [56, 2F, 32, 3B], [62, 4F, 35, 54], [29, 71, 24, 28]]
HVb)L/Oq;25$6;T(
Answer from Hex Matrix: 
[[48, 4C, 3B, 36], [56, 2F, 32, 3B], [62, 4F, 35, 54], [29, 71, 24, 28]]

3D 4F 5C 6D 
67 66 29 76 
59 68 33 3C 
31 34 62 5B 
[[3D, 4F, 5C, 6D], [67, 66, 29, 76], [59, 68, 33, 3C], [31, 34, 62, 5B]]
=gY1Ofh4\)3bmv<[
Answer from Hex Matrix: 
[[3D, 4F, 5C, 6D], [67, 66, 29, 76], [59, 68, 33, 3C], [31, 34, 62, 5B]]

36 6B 3D 70 
39 7D 5A 34 
6E 5A 38 68 
4E 5F 3A 69 
[[36, 6B, 3D, 70], [39, 7D, 5A, 34], [6E, 5A, 38, 68], [4E, 5F, 3A, 69]]
69nNk}Z_=Z8:p4hi
Answer from Hex Matrix: 
[[36, 6B, 3D, 70], [39, 7D, 5A, 34], [6E, 5A, 38, 68], [4E, 5F, 3A, 69]]

77 54 42 2B 
59 63 60 5A 
7D 33 2A 27 
74 5E 3B 56 
[[77, 54, 42, 2B], [59, 63, 60, 5A], [7D, 33, 2A, 27], [74, 5E, 3B, 56]]
wY}tTc3^B`*;+Z'V
Answer from Hex Matrix: 
[[77, 54, 42, 2B], [59, 63, 60, 5A], [7D, 33, 2A, 27], [74, 5E, 3B, 56]]

65 2F 26 26 
26 69 79 71 
44 6D 51 4A 
4E 39 5E 60 
[[65, 2F, 26, 26], [26, 69, 79, 71], [44, 6D, 51, 4A], [4E, 39, 5E, 60]]
e&DN/im9&yQ^&qJ`
Answer from Hex Matrix: 
[[65, 2F, 26, 26], [26, 69, 79, 71], [44, 6D, 51, 4A], [4E, 39, 5E, 60]]

54 41 61 5A 
3E 6B 6F 70 
6A 7D 2B 67 
67 24 48 55 
[[54, 41, 61, 5A], [3E, 6B, 6F, 70], [6A, 7D, 2B, 67], [67, 24, 48, 55]]
T>jgAk}$ao+HZpgU
Answer from Hex Matrix: 
[[54, 41, 61, 5A], [3E, 6B, 6F, 70], [6A, 7D, 2B, 67], [67, 24, 48, 55]]

54 59 4E 73 
2C 28 2C 5F 
77 79 7C 2B 
78 64 7A 4E 
[[54, 59, 4E, 73], [2C, 28, 2C, 5F], [77, 79, 7C, 2B], [78, 64, 7A, 4E]]
T,wxY(ydN,|zs_+N
Answer from Hex Matrix: 
[[54, 59, 4E, 73], [2C, 28, 2C, 5F], [77, 79, 7C, 2B], [78, 64, 7A, 4E]]

77 48 3C 4B 
2A 72 33 5F 
33 6E 6F 62 
75 2D 6F 38 
[[77, 48, 3C, 4B], [2A, 72, 33, 5F], [33, 6E, 6F, 62], [75, 2D, 6F, 38]]
w*3uHrn-<3ooK_b8
Answer from Hex Matrix: 
[[77, 48, 3C, 4B], [2A, 72, 33, 5F], [33, 6E, 6F, 62], [75, 2D, 6F, 38]]

3F 6F 5A 74 
24 38 75 28 
33 65 31 28 
54 67 44 2D 
[[3F, 6F, 5A, 74], [24, 38, 75, 28], [33, 65, 31, 28], [54, 67, 44, 2D]]
?$3To8egZu1Dt((-
Answer from Hex Matrix: 
[[3F, 6F, 5A, 74], [24, 38, 75, 28], [33, 65, 31, 28], [54, 67, 44, 2D]]

2E 49 68 49 
5B 6A 69 75 
23 52 25 3D 
4D 46 2C 3B 
[[2E, 49, 68, 49], [5B, 6A, 69, 75], [23, 52, 25, 3D], [4D, 46, 2C, 3B]]
.[#MIjRFhi%,Iu=;
Answer from Hex Matrix: 
[[2E, 49, 68, 49], [5B, 6A, 69, 75], [23, 52, 25, 3D], [4D, 46, 2C, 3B]]

2A 70 3B 50 
2C 6A 48 4E 
28 47 6F 24 
6C 6E 4E 63 
[[2A, 70, 3B, 50], [2C, 6A, 48, 4E], [28, 47, 6F, 24], [6C, 6E, 4E, 63]]
*,(lpjGn;HoNPN$c
Answer from Hex Matrix: 
[[2A, 70, 3B, 50], [2C, 6A, 48, 4E], [28, 47, 6F, 24], [6C, 6E, 4E, 63]]

73 2D 59 78 
5B 6D 71 47 
52 56 53 68 
3F 23 5E 59 
[[73, 2D, 59, 78], [5B, 6D, 71, 47], [52, 56, 53, 68], [3F, 23, 5E, 59]]
s[R?-mV#YqS^xGhY
Answer from Hex Matrix: 
[[73, 2D, 59, 78], [5B, 6D, 71, 47], [52, 56, 53, 68], [3F, 23, 5E, 59]]

76 75 21 54 
48 57 72 37 
37 21 26 52 
61 34 3F 69 
[[76, 75, 21, 54], [48, 57, 72, 37], [37, 21, 26, 52], [61, 34, 3F, 69]]
vH7auW!4!r&?T7Ri
Answer from Hex Matrix: 
[[76, 75, 21, 54], [48, 57, 72, 37], [37, 21, 26, 52], [61, 34, 3F, 69]]

31 56 7D 67 
56 3E 5F 66 
64 49 62 37 
48 7C 5B 41 
[[31, 56, 7D, 67], [56, 3E, 5F, 66], [64, 49, 62, 37], [48, 7C, 5B, 41]]
1VdHV>I|}_b[gf7A
Answer from Hex Matrix: 
[[31, 56, 7D, 67], [56, 3E, 5F, 66], [64, 49, 62, 37], [48, 7C, 5B, 41]]

43 2E 5A 34 
79 74 69 4A 
51 32 4B 45 
22 4A 25 5E 
[[43, 2E, 5A, 34], [79, 74, 69, 4A], [51, 32, 4B, 45], [22, 4A, 25, 5E]]
CyQ".t2JZiK%4JE^
Answer from Hex Matrix: 
[[43, 2E, 5A, 34], [79, 74, 69, 4A], [51, 32, 4B, 45], [22, 4A, 25, 5E]]

46 54 2D 57 
4F 69 60 21 
46 69 5F 50 
2A 37 34 68 
[[46, 54, 2D, 57], [4F, 69, 60, 21], [46, 69, 5F, 50], [2A, 37, 34, 68]]
FOF*Tii7-`_4W!Ph
Answer from Hex Matrix: 
[[46, 54, 2D, 57], [4F, 69, 60, 21], [46, 69, 5F, 50], [2A, 37, 34, 68]]

52 5D 5A 3F 
26 6D 54 29 
41 4C 5D 41 
5F 33 57 59 
[[52, 5D, 5A, 3F], [26, 6D, 54, 29], [41, 4C, 5D, 41], [5F, 33, 57, 59]]
R&A_]mL3ZT]W?)AY
Answer from Hex Matrix: 
[[52, 5D, 5A, 3F], [26, 6D, 54, 29], [41, 4C, 5D, 41], [5F, 33, 57, 59]]

24 51 51 39 
73 35 77 2F 
5D 6C 50 6D 
2A 4C 7C 5A 
[[24, 51, 51, 39], [73, 35, 77, 2F], [5D, 6C, 50, 6D], [2A, 4C, 7C, 5A]]
$s]*Q5lLQwP|9/mZ
Answer from Hex Matrix: 
[[24, 51, 51, 39], [73, 35, 77, 2F], [5D, 6C, 50, 6D], [2A, 4C, 7C, 5A]]

7A 49 7A 37 
68 53 49 22 
6D 2B 3F 31 
66 76 6F 7B 
[[7A, 49, 7A, 37], [68, 53, 49, 22], [6D, 2B, 3F, 31], [66, 76, 6F, 7B]]
zhmfIS+vzI?o7"1{
Answer from Hex Matrix: 
[[7A, 49, 7A, 37], [68, 53, 49, 22], [6D, 2B, 3F, 31], [66, 76, 6F, 7B]]

78 63 3D 50 
5D 5A 30 79 
50 31 38 6E 
3D 69 71 23 
[[78, 63, 3D, 50], [5D, 5A, 30, 79], [50, 31, 38, 6E], [3D, 69, 71, 23]]
x]P=cZ1i=08qPyn#
Answer from Hex Matrix: 
[[78, 63, 3D, 50], [5D, 5A, 30, 79], [50, 31, 38, 6E], [3D, 69, 71, 23]]

75 65 5B 67 
34 39 6E 66 
72 30 2F 4E 
4A 51 4E 6E 
[[75, 65, 5B, 67], [34, 39, 6E, 66], [72, 30, 2F, 4E], [4A, 51, 4E, 6E]]
u4rJe90Q[n/NgfNn
Answer from Hex Matrix: 
[[75, 65, 5B, 67], [34, 39, 6E, 66], [72, 30, 2F, 4E], [4A, 51, 4E, 6E]]

4B 5D 4C 56 
79 38 65 6C 
33 55 33 7A 
24 47 36 33 
[[4B, 5D, 4C, 56], [79, 38, 65, 6C], [33, 55, 33, 7A], [24, 47, 36, 33]]
Ky3$]8UGLe36Vlz3
Answer from Hex Matrix: 
[[4B, 5D, 4C, 56], [79, 38, 65, 6C], [33, 55, 33, 7A], [24, 47, 36, 33]]

22 33 68 4A 
6A 6F 37 21 
3B 5A 3F 71 
45 43 56 5A 
[[22, 33, 68, 4A], [6A, 6F, 37, 21], [3B, 5A, 3F, 71], [45, 43, 56, 5A]]
"j;E3oZCh7?VJ!qZ
Answer from Hex Matrix: 
[[22, 33, 68, 4A], [6A, 6F, 37, 21], [3B, 5A, 3F, 71], [45, 43, 56, 5A]]

5D 2A 4A 5F 
64 22 73 7A 
4E 52 28 33 
5B 75 44 61 
[[5D, 2A, 4A, 5F], [64, 22, 73, 7A], [4E, 52, 28, 33], [5B, 75, 44, 61]]
]dN[*"RuJs(D_z3a
Answer from Hex Matrix: 
[[5D, 2A, 4A, 5F], [64, 22, 73, 7A], [4E, 52, 28, 33], [5B, 75, 44, 61]]

68 76 61 53 
3C 70 2C 58 
40 48 5F 50 
48 78 37 4A 
[[68, 76, 61, 53], [3C, 70, 2C, 58], [40, 48, 5F, 50], [48, 78, 37, 4A]]
h<@HvpHxa,_7SXPJ
Answer from Hex Matrix: 
[[68, 76, 61, 53], [3C, 70, 2C, 58], [40, 48, 5F, 50], [48, 78, 37, 4A]]

76 28 64 3F 
4C 39 43 21 
7C 46 5D 3B 
4D 4D 39 2C 
[[76, 28, 64, 3F], [4C, 39, 43, 21], [7C, 46, 5D, 3B], [4D, 4D, 39, 2C]]
vL|M(9FMdC]9?!;,
Answer from Hex Matrix: 
[[76, 28, 64, 3F], [4C, 39, 43, 21], [7C, 46, 5D, 3B], [4D, 4D, 39, 2C]]

67 4A 6C 50 
73 57 5C 29 
55 77 44 2A 
35 5B 49 2C 
[[67, 4A, 6C, 50], [73, 57, 5C, 29], [55, 77, 44, 2A], [35, 5B, 49, 2C]]
gsU5JWw[l\DIP)*,
Answer from Hex Matrix: 
[[67, 4A, 6C, 50], [73, 57, 5C, 29], [55, 77, 44, 2A], [35, 5B, 49, 2C]]

47 65 3D 68 
5C 5C 58 7C 
6C 36 56 40 
59 3D 74 32 
[[47, 65, 3D, 68], [5C, 5C, 58, 7C], [6C, 36, 56, 40], [59, 3D, 74, 32]]
G\lYe\6==XVth|@2
Answer from Hex Matrix: 
[[47, 65, 3D, 68], [5C, 5C, 58, 7C], [6C, 36, 56, 40], [59, 3D, 74, 32]]

38 68 2C 43 
39 23 61 48 
45 4F 46 68 
47 7B 3B 29 
[[38, 68, 2C, 43], [39, 23, 61, 48], [45, 4F, 46, 68], [47, 7B, 3B, 29]]
89EGh#O{,aF;CHh)
Answer from Hex Matrix: 
[[38, 68, 2C, 43], [39, 23, 61, 48], [45, 4F, 46, 68], [47, 7B, 3B, 29]]

24 60 79 35 
28 25 61 72 
40 6B 56 6B 
71 58 6E 75 
[[24, 60, 79, 35], [28, 25, 61, 72], [40, 6B, 56, 6B], [71, 58, 6E, 75]]
$(@q`%kXyaVn5rku
Answer from Hex Matrix: 
[[24, 60, 79, 35], [28, 25, 61, 72], [40, 6B, 56, 6B], [71, 58, 6E, 75]]

27 56 51 33 
3E 54 24 33 
72 68 6C 70 
22 33 60 2B 
[[27, 56, 51, 33], [3E, 54, 24, 33], [72, 68, 6C, 70], [22, 33, 60, 2B]]
'>r"VTh3Q$l`33p+
Answer from Hex Matrix: 
[[27, 56, 51, 33], [3E, 54, 24, 33], [72, 68, 6C, 70], [22, 33, 60, 2B]]

62 60 51 43 
52 77 78 71 
4D 44 7C 76 
35 32 65 21 
[[62, 60, 51, 43], [52, 77, 78, 71], [4D, 44, 7C, 76], [35, 32, 65, 21]]
bRM5`wD2Qx|eCqv!
Answer from Hex Matrix: 
[[62, 60, 51, 43], [52, 77, 78, 71], [4D, 44, 7C, 76], [35, 32, 65, 21]]

29 62 28 25 
76 3C 79 26 
74 54 3D 49 
56 68 30 28 
[[29, 62, 28, 25], [76, 3C, 79, 26], [74, 54, 3D, 49], [56, 68, 30, 28]]
)vtVb<Th(y=0%&I(
Answer from Hex Matrix: 
[[29, 62, 28, 25], [76, 3C, 79, 26], [74, 54, 3D, 49], [56, 68, 30, 28]]

37 5D 6A 63 
25 6E 57 7D 
2B 2B 36 23 
28 70 3F 6A 
[[37, 5D, 6A, 63], [25, 6E, 57, 7D], [2B, 2B, 36, 23], [28, 70, 3F, 6A]]
7%+(]n+pjW6?c}#j
Answer from Hex Matrix: 
[[37, 5D, 6A, 63], [25, 6E, 57, 7D], [2B, 2B, 36, 23], [28, 70, 3F, 6A]]

56 6A 33 2C 
6B 69 38 30 
4D 50 58 66 
68 25 36 61 
[[56, 6A, 33, 2C], [6B, 69, 38, 30], [4D, 50, 58, 66], [68, 25, 36, 61]]
VkMhjiP%38X6,0fa
Answer from Hex Matrix: 
[[56, 6A, 33, 2C], [6B, 69, 38, 30], [4D, 50, 58, 66], [68, 25, 36, 61]]

44 50 3F 79 
51 69 7D 78 
21 38 59 38 
61 6E 79 31 
[[44, 50, 3F, 79], [51, 69, 7D, 78], [21, 38, 59, 38], [61, 6E, 79, 31]]
DQ!aPi8n?}Yyyx81
Answer from Hex Matrix: 
[[44, 50, 3F, 79], [51, 69, 7D, 78], [21, 38, 59, 38], [61, 6E, 79, 31]]

47 4E 69 5F 
6A 69 75 31 
22 79 55 42 
44 2A 45 5B 
[[47, 4E, 69, 5F], [6A, 69, 75, 31], [22, 79, 55, 42], [44, 2A, 45, 5B]]
Gj"DNiy*iuUE_1B[
Answer from Hex Matrix: 
[[47, 4E, 69, 5F], [6A, 69, 75, 31], [22, 79, 55, 42], [44, 2A, 45, 5B]]

60 7A 48 2B 
4B 4A 45 3E 
3E 45 65 6F 
58 3B 73 41 
[[60, 7A, 48, 2B], [4B, 4A, 45, 3E], [3E, 45, 65, 6F], [58, 3B, 73, 41]]
`K>XzJE;HEes+>oA
Answer from Hex Matrix: 
[[60, 7A, 48, 2B], [4B, 4A, 45, 3E], [3E, 45, 65, 6F], [58, 3B, 73, 41]]

3D 5F 78 5E 
54 3F 54 7D 
65 63 4A 2F 
3F 6D 30 78 
[[3D, 5F, 78, 5E], [54, 3F, 54, 7D], [65, 63, 4A, 2F], [3F, 6D, 30, 78]]
=Te?_?cmxTJ0^}/x
Answer from Hex Matrix: 
[[3D, 5F, 78, 5E], [54, 3F, 54, 7D], [65, 63, 4A, 2F], [3F, 6D, 30, 78]]

4D 43 6D 2E 
59 48 52 50 
69 36 5A 46 
3F 79 58 5D 
[[4D, 43, 6D, 2E], [59, 48, 52, 50], [69, 36, 5A, 46], [3F, 79, 58, 5D]]
MYi?CH6ymRZX.PF]
Answer from Hex Matrix: 
[[4D, 43, 6D, 2E], [59, 48, 52, 50], [69, 36, 5A, 46], [3F, 79, 58, 5D]]

72 46 24 78 
6D 5B 2A 26 
61 2F 46 6F 
64 3E 54 38 
[[72, 46, 24, 78], [6D, 5B, 2A, 26], [61, 2F, 46, 6F], [64, 3E, 54, 38]]
rmadF[/>$*FTx&o8
Answer from Hex Matrix: 
[[72, 46, 24, 78], [6D, 5B, 2A, 26], [61, 2F, 46, 6F], [64, 3E, 54, 38]]

63 5E 32 6C 
5E 77 7D 64 
2B 2E 76 66 
6D 64 75 54 
[[63, 5E, 32, 6C], [5E, 77, 7D, 64], [2B, 2E, 76, 66], [6D, 64, 75, 54]]
c^+m^w.d2}vuldfT
Answer from Hex Matrix: 
[[63, 5E, 32, 6C], [5E, 77, 7D, 64], [2B, 2E, 76, 66], [6D, 64, 75, 54]]

36 5C 44 7B 
4A 4D 53 42 
6A 4F 65 37 
24 42 78 47 
[[36, 5C, 44, 7B], [4A, 4D, 53, 42], [6A, 4F, 65, 37], [24, 42, 78, 47]]
6Jj$\MOBDSex{B7G
Answer from Hex Matrix: 
[[36, 5C, 44, 7B], [4A, 4D, 53, 42], [6A, 4F, 65, 37], [24, 42, 78, 47]]

64 30 5D 44 
5F 41 32 7A 
49 5C 6D 66 
6C 28 5B 7A 
[[64, 30, 5D, 44], [5F, 41, 32, 7A], [49, 5C, 6D, 66], [6C, 28, 5B, 7A]]
d_Il0A\(]2m[Dzfz
Answer from Hex Matrix: 
[[64, 30, 5D, 44], [5F, 41, 32, 7A], [49, 5C, 6D, 66], [6C, 28, 5B, 7A]]

60 44 7D 64 
6E 7A 44 39 
21 57 68 6B 
65 38 7A 21 
[[60, 44, 7D, 64], [6E, 7A, 44, 39], [21, 57, 68, 6B], [65, 38, 7A, 21]]
`n!eDzW8}Dhzd9k!
Answer from Hex Matrix: 
[[60, 44, 7D, 64], [6E, 7A, 44, 39], [21, 57, 68, 6B], [65, 38, 7A, 21]]

2F 77 66 4C 
49 38 74 64 
2C 77 51 6D 
5C 64 75 28 
[[2F, 77, 66, 4C], [49, 38, 74, 64], [2C, 77, 51, 6D], [5C, 64, 75, 28]]
/I,\w8wdftQuLdm(
Answer from Hex Matrix: 
[[2F, 77, 66, 4C], [49, 38, 74, 64], [2C, 77, 51, 6D], [5C, 64, 75, 28]]

25 4C 3E 29 
54 2A 3D 3C 
26 5A 55 45 
29 4B 29 4E 
[[25, 4C, 3E, 29], [54, 2A, 3D, 3C], [26, 5A, 55, 45], [29, 4B, 29, 4E]]
%T&)L*ZK>=U))<EN
Answer from Hex Matrix: 
[[25, 4C, 3E, 29], [54, 2A, 3D, 3C], [26, 5A, 55, 45], [29, 4B, 29, 4E]]

70 39 55 5A 
53 36 7D 61 
2E 4B 58 33 
27 61 5D 63 
[[70, 39, 55, 5A], [53, 36, 7D, 61], [2E, 4B, 58, 33], [27, 61, 5D, 63]]
pS.'96KaU}X]Za3c
Answer from Hex Matrix: 
[[70, 39, 55, 5A], [53, 36, 7D, 61], [2E, 4B, 58, 33], [27, 61, 5D, 63]]

5C 2F 5D 2F 
68 6E 29 4E 
34 58 7D 5F 
5A 4C 75 39 
[[5C, 2F, 5D, 2F], [68, 6E, 29, 4E], [34, 58, 7D, 5F], [5A, 4C, 75, 39]]
\h4Z/nXL])}u/N_9
Answer from Hex Matrix: 
[[5C, 2F, 5D, 2F], [68, 6E, 29, 4E], [34, 58, 7D, 5F], [5A, 4C, 75, 39]]

72 4A 53 45 
4D 58 27 53 
76 62 31 4A 
28 58 79 51 
[[72, 4A, 53, 45], [4D, 58, 27, 53], [76, 62, 31, 4A], [28, 58, 79, 51]]
rMv(JXbXS'1yESJQ
Answer from Hex Matrix: 
[[72, 4A, 53, 45], [4D, 58, 27, 53], [76, 62, 31, 4A], [28, 58, 79, 51]]

6A 77 29 75 
77 30 61 23 
3A 6E 73 4C 
73 58 45 46 
[[6A, 77, 29, 75], [77, 30, 61, 23], [3A, 6E, 73, 4C], [73, 58, 45, 46]]
jw:sw0nX)asEu#LF
Answer from Hex Matrix: 
[[6A, 77, 29, 75], [77, 30, 61, 23], [3A, 6E, 73, 4C], [73, 58, 45, 46]]

33 4E 46 63 
79 52 40 59 
62 72 73 57 
41 4A 4C 50 
[[33, 4E, 46, 63], [79, 52, 40, 59], [62, 72, 73, 57], [41, 4A, 4C, 50]]
3ybANRrJF@sLcYWP
Answer from Hex Matrix: 
[[33, 4E, 46, 63], [79, 52, 40, 59], [62, 72, 73, 57], [41, 4A, 4C, 50]]

4F 44 43 3F 
59 61 66 6D 
67 26 52 21 
50 73 30 23 
[[4F, 44, 43, 3F], [59, 61, 66, 6D], [67, 26, 52, 21], [50, 73, 30, 23]]
OYgPDa&sCfR0?m!#
Answer from Hex Matrix: 
[[4F, 44, 43, 3F], [59, 61, 66, 6D], [67, 26, 52, 21], [50, 73, 30, 23]]

73 69 43 3C 
7D 65 66 48 
4B 22 46 7B 
66 44 79 5B 
[[73, 69, 43, 3C], [7D, 65, 66, 48], [4B, 22, 46, 7B], [66, 44, 79, 5B]]
s}Kfie"DCfFy<H{[
Answer from Hex Matrix: 
[[73, 69, 43, 3C], [7D, 65, 66, 48], [4B, 22, 46, 7B], [66, 44, 79, 5B]]

72 2C 6B 32 
2C 56 33 65 
3E 5F 58 4F 
46 4C 53 45 
[[72, 2C, 6B, 32], [2C, 56, 33, 65], [3E, 5F, 58, 4F], [46, 4C, 53, 45]]
r,>F,V_Lk3XS2eOE
Answer from Hex Matrix: 
[[72, 2C, 6B, 32], [2C, 56, 33, 65], [3E, 5F, 58, 4F], [46, 4C, 53, 45]]

70 6F 52 79 
4F 42 65 65 
54 33 41 33 
43 36 78 47 
[[70, 6F, 52, 79], [4F, 42, 65, 65], [54, 33, 41, 33], [43, 36, 78, 47]]
pOTCoB36ReAxye3G
Answer from Hex Matrix: 
[[70, 6F, 52, 79], [4F, 42, 65, 65], [54, 33, 41, 33], [43, 36, 78, 47]]

60 60 58 3B 
24 60 6F 4F 
79 47 6A 3E 
7D 4D 24 62 
[[60, 60, 58, 3B], [24, 60, 6F, 4F], [79, 47, 6A, 3E], [7D, 4D, 24, 62]]
`$y}``GMXoj$;O>b
Answer from Hex Matrix: 
[[60, 60, 58, 3B], [24, 60, 6F, 4F], [79, 47, 6A, 3E], [7D, 4D, 24, 62]]

3C 50 27 74 
29 78 7B 42 
22 76 78 68 
52 28 4B 2F 
[[3C, 50, 27, 74], [29, 78, 7B, 42], [22, 76, 78, 68], [52, 28, 4B, 2F]]
<)"RPxv('{xKtBh/
Answer from Hex Matrix: 
[[3C, 50, 27, 74], [29, 78, 7B, 42], [22, 76, 78, 68], [52, 28, 4B, 2F]]

36 73 6E 40 
65 3F 3A 64 
51 30 4F 45 
62 74 6D 60 
[[36, 73, 6E, 40], [65, 3F, 3A, 64], [51, 30, 4F, 45], [62, 74, 6D, 60]]
6eQbs?0tn:Om@dE`
Answer from Hex Matrix: 
[[36, 73, 6E, 40], [65, 3F, 3A, 64], [51, 30, 4F, 45], [62, 74, 6D, 60]]

6A 5C 49 59 
29 79 2C 6E 
54 5C 3B 26 
35 5F 26 3E 
[[6A, 5C, 49, 59], [29, 79, 2C, 6E], [54, 5C, 3B, 26], [35, 5F, 26, 3E]]
j)T5\y\_I,;&Yn&>
Answer from Hex Matrix: 
[[6A, 5C, 49, 59], [29, 79, 2C, 6E], [54, 5C, 3B, 26], [35, 5F, 26, 3E]]

69 51 75 61 
78 4B 5C 2F 
5A 33 65 3F 
30 36 59 62 
[[69, 51, 75, 61], [78, 4B, 5C, 2F], [5A, 33, 65, 3F], [30, 36, 59, 62]]
ixZ0QK36u\eYa/?b
Answer from Hex Matrix: 
[[69, 51, 75, 61], [78, 4B, 5C, 2F], [5A, 33, 65, 3F], [30, 36, 59, 62]]

38 57 63 64 
7D 47 31 7C 
62 7C 35 76 
4B 59 3A 3B 
[[38, 57, 63, 64], [7D, 47, 31, 7C], [62, 7C, 35, 76], [4B, 59, 3A, 3B]]
8}bKWG|Yc15:d|v;
Answer from Hex Matrix: 
[[38, 57, 63, 64], [7D, 47, 31, 7C], [62, 7C, 35, 76], [4B, 59, 3A, 3B]]

6D 72 75 6E 
23 2B 3B 2D 
5C 3C 4F 5F 
4E 7B 61 51 
[[6D, 72, 75, 6E], [23, 2B, 3B, 2D], [5C, 3C, 4F, 5F], [4E, 7B, 61, 51]]
m#\Nr+<{u;Oan-_Q
Answer from Hex Matrix: 
[[6D, 72, 75, 6E], [23, 2B, 3B, 2D], [5C, 3C, 4F, 5F], [4E, 7B, 61, 51]]

27 7B 7B 25 
7D 45 56 7D 
50 4F 5A 2B 
37 74 35 64 
[[27, 7B, 7B, 25], [7D, 45, 56, 7D], [50, 4F, 5A, 2B], [37, 74, 35, 64]]
'}P7{EOt{VZ5%}+d
Answer from Hex Matrix: 
[[27, 7B, 7B, 25], [7D, 45, 56, 7D], [50, 4F, 5A, 2B], [37, 74, 35, 64]]

23 73 7B 5A 
3E 72 7D 61 
78 42 39 31 
27 39 27 6A 
[[23, 73, 7B, 5A], [3E, 72, 7D, 61], [78, 42, 39, 31], [27, 39, 27, 6A]]
#>x'srB9{}9'Za1j
Answer from Hex Matrix: 
[[23, 73, 7B, 5A], [3E, 72, 7D, 61], [78, 42, 39, 31], [27, 39, 27, 6A]]

32 77 4E 24 
32 54 3D 3F 
7A 7A 57 24 
3B 26 30 4A 
[[32, 77, 4E, 24], [32, 54, 3D, 3F], [7A, 7A, 57, 24], [3B, 26, 30, 4A]]
22z;wTz&N=W0$?$J
Answer from Hex Matrix: 
[[32, 77, 4E, 24], [32, 54, 3D, 3F], [7A, 7A, 57, 24], [3B, 26, 30, 4A]]

3F 5A 33 5A 
2B 35 69 4F 
37 51 5B 73 
2E 7A 6B 77 
[[3F, 5A, 33, 5A], [2B, 35, 69, 4F], [37, 51, 5B, 73], [2E, 7A, 6B, 77]]
?+7.Z5Qz3i[kZOsw
Answer from Hex Matrix: 
[[3F, 5A, 33, 5A], [2B, 35, 69, 4F], [37, 51, 5B, 73], [2E, 7A, 6B, 77]]

5B 62 7D 6E 
2F 4C 41 35 
6A 5A 69 50 
23 2E 63 60 
[[5B, 62, 7D, 6E], [2F, 4C, 41, 35], [6A, 5A, 69, 50], [23, 2E, 63, 60]]
[/j#bLZ.}Aicn5P`
Answer from Hex Matrix: 
[[5B, 62, 7D, 6E], [2F, 4C, 41, 35], [6A, 5A, 69, 50], [23, 2E, 63, 60]]

39 7D 4D 35 
5F 76 34 24 
75 7B 6C 7B 
7B 36 47 37 
[[39, 7D, 4D, 35], [5F, 76, 34, 24], [75, 7B, 6C, 7B], [7B, 36, 47, 37]]
9_u{}v{6M4lG5${7
Answer from Hex Matrix: 
[[39, 7D, 4D, 35], [5F, 76, 34, 24], [75, 7B, 6C, 7B], [7B, 36, 47, 37]]

7C 43 63 3B 
22 3A 52 35 
44 22 32 21 
60 62 75 39 
[[7C, 43, 63, 3B], [22, 3A, 52, 35], [44, 22, 32, 21], [60, 62, 75, 39]]
|"D`C:"bcR2u;5!9
Answer from Hex Matrix: 
[[7C, 43, 63, 3B], [22, 3A, 52, 35], [44, 22, 32, 21], [60, 62, 75, 39]]

23 6D 30 61 
65 4A 26 4F 
36 64 48 29 
3E 66 7D 76 
[[23, 6D, 30, 61], [65, 4A, 26, 4F], [36, 64, 48, 29], [3E, 66, 7D, 76]]
#e6>mJdf0&H}aO)v
Answer from Hex Matrix: 
[[23, 6D, 30, 61], [65, 4A, 26, 4F], [36, 64, 48, 29], [3E, 66, 7D, 76]]

4F 63 47 2F 
7C 2F 46 4D 
6E 49 2F 5C 
59 5B 33 3C 
[[4F, 63, 47, 2F], [7C, 2F, 46, 4D], [6E, 49, 2F, 5C], [59, 5B, 33, 3C]]
O|nYc/I[GF/3/M\<
Answer from Hex Matrix: 
[[4F, 63, 47, 2F], [7C, 2F, 46, 4D], [6E, 49, 2F, 5C], [59, 5B, 33, 3C]]

54 56 6A 7B 
3F 70 6A 4B 
6B 4E 52 5E 
3C 57 6C 62 
[[54, 56, 6A, 7B], [3F, 70, 6A, 4B], [6B, 4E, 52, 5E], [3C, 57, 6C, 62]]
T?k<VpNWjjRl{K^b
Answer from Hex Matrix: 
[[54, 56, 6A, 7B], [3F, 70, 6A, 4B], [6B, 4E, 52, 5E], [3C, 57, 6C, 62]]

55 42 3B 46 
22 5F 7D 63 
68 79 2E 64 
23 76 55 5A 
[[55, 42, 3B, 46], [22, 5F, 7D, 63], [68, 79, 2E, 64], [23, 76, 55, 5A]]
U"h#B_yv;}.UFcdZ
Answer from Hex Matrix: 
[[55, 42, 3B, 46], [22, 5F, 7D, 63], [68, 79, 2E, 64], [23, 76, 55, 5A]]

23 7C 49 4D 
68 7A 76 24 
42 37 38 3D 
79 47 46 28 
[[23, 7C, 49, 4D], [68, 7A, 76, 24], [42, 37, 38, 3D], [79, 47, 46, 28]]
#hBy|z7GIv8FM$=(
Answer from Hex Matrix: 
[[23, 7C, 49, 4D], [68, 7A, 76, 24], [42, 37, 38, 3D], [79, 47, 46, 28]]

48 42 45 45 
26 6B 52 46 
28 75 38 78 
72 6A 48 39 
[[48, 42, 45, 45], [26, 6B, 52, 46], [28, 75, 38, 78], [72, 6A, 48, 39]]
H&(rBkujER8HEFx9
Answer from Hex Matrix: 
[[48, 42, 45, 45], [26, 6B, 52, 46], [28, 75, 38, 78], [72, 6A, 48, 39]]

35 79 21 68 
24 3F 78 49 
31 4F 5B 75 
48 21 3F 62 
[[35, 79, 21, 68], [24, 3F, 78, 49], [31, 4F, 5B, 75], [48, 21, 3F, 62]]
5$1Hy?O!!x[?hIub
Answer from Hex Matrix: 
[[35, 79, 21, 68], [24, 3F, 78, 49], [31, 4F, 5B, 75], [48, 21, 3F, 62]]

29 70 55 2A 
3F 64 30 59 
45 28 72 44 
21 6C 4F 55 
[[29, 70, 55, 2A], [3F, 64, 30, 59], [45, 28, 72, 44], [21, 6C, 4F, 55]]
)?E!pd(lU0rO*YDU
Answer from Hex Matrix: 
[[29, 70, 55, 2A], [3F, 64, 30, 59], [45, 28, 72, 44], [21, 6C, 4F, 55]]

33 67 38 44 
79 29 22 47 
66 6D 79 74 
2B 61 3B 71 
[[33, 67, 38, 44], [79, 29, 22, 47], [66, 6D, 79, 74], [2B, 61, 3B, 71]]
3yf+g)ma8"y;DGtq
Answer from Hex Matrix: 
[[33, 67, 38, 44], [79, 29, 22, 47], [66, 6D, 79, 74], [2B, 61, 3B, 71]]

4E 2B 50 74 
6B 51 2D 2D 
7C 6A 55 76 
38 3F 46 68 
[[4E, 2B, 50, 74], [6B, 51, 2D, 2D], [7C, 6A, 55, 76], [38, 3F, 46, 68]]
Nk|8+Qj?P-UFt-vh
Answer from Hex Matrix: 
[[4E, 2B, 50, 74], [6B, 51, 2D, 2D], [7C, 6A, 55, 76], [38, 3F, 46, 68]]

49 5B 62 71 
32 6A 78 70 
63 3A 3E 2E 
22 23 48 27 
[[49, 5B, 62, 71], [32, 6A, 78, 70], [63, 3A, 3E, 2E], [22, 23, 48, 27]]
I2c"[j:#bx>Hqp.'
Answer from Hex Matrix: 
[[49, 5B, 62, 71], [32, 6A, 78, 70], [63, 3A, 3E, 2E], [22, 23, 48, 27]]

69 6F 33 3C 
65 7D 47 2F 
23 29 4C 5F 
22 5F 22 73 
[[69, 6F, 33, 3C], [65, 7D, 47, 2F], [23, 29, 4C, 5F], [22, 5F, 22, 73]]
ie#"o})_3GL"</_s
Answer from Hex Matrix: 
[[69, 6F, 33, 3C], [65, 7D, 47, 2F], [23, 29, 4C, 5F], [22, 5F, 22, 73]]

41 48 5B 6E 
5A 25 43 4C 
4E 5B 73 38 
2D 26 58 5A 
[[41, 48, 5B, 6E], [5A, 25, 43, 4C], [4E, 5B, 73, 38], [2D, 26, 58, 5A]]
AZN-H%[&[CsXnL8Z
Answer from Hex Matrix: 
[[41, 48, 5B, 6E], [5A, 25, 43, 4C], [4E, 5B, 73, 38], [2D, 26, 58, 5A]]

46 2E 27 5C 
54 6C 68 61 
22 28 79 34 
39 3C 7D 5E 
[[46, 2E, 27, 5C], [54, 6C, 68, 61], [22, 28, 79, 34], [39, 3C, 7D, 5E]]
FT"9.l(<'hy}\a4^
Answer from Hex Matrix: 
[[46, 2E, 27, 5C], [54, 6C, 68, 61], [22, 28, 79, 34], [39, 3C, 7D, 5E]]

6D 29 5E 79 
48 54 5D 79 
5D 3D 3B 4B 
6C 6E 56 79 
[[6D, 29, 5E, 79], [48, 54, 5D, 79], [5D, 3D, 3B, 4B], [6C, 6E, 56, 79]]
mH]l)T=n^];VyyKy
Answer from Hex Matrix: 
[[6D, 29, 5E, 79], [48, 54, 5D, 79], [5D, 3D, 3B, 4B], [6C, 6E, 56, 79]]

45 29 43 50 
63 30 35 74 
25 23 6A 67 
70 75 6D 6E 
[[45, 29, 43, 50], [63, 30, 35, 74], [25, 23, 6A, 67], [70, 75, 6D, 6E]]
Ec%p)0#uC5jmPtgn
Answer from Hex Matrix: 
[[45, 29, 43, 50], [63, 30, 35, 74], [25, 23, 6A, 67], [70, 75, 6D, 6E]]

78 31 36 3E 
25 42 6B 47 
4E 40 63 51 
55 38 33 6D 
[[78, 31, 36, 3E], [25, 42, 6B, 47], [4E, 40, 63, 51], [55, 38, 33, 6D]]
x%NU1B@86kc3>GQm
Answer from Hex Matrix: 
[[78, 31, 36, 3E], [25, 42, 6B, 47], [4E, 40, 63, 51], [55, 38, 33, 6D]]

68 39 41 21 
72 2B 73 4D 
40 61 3F 6A 
36 7A 22 7D 
[[68, 39, 41, 21], [72, 2B, 73, 4D], [40, 61, 3F, 6A], [36, 7A, 22, 7D]]
hr@69+azAs?"!Mj}
Answer from Hex Matrix: 
[[68, 39, 41, 21], [72, 2B, 73, 4D], [40, 61, 3F, 6A], [36, 7A, 22, 7D]]

4F 6E 68 42 
37 2A 4E 36 
75 70 41 63 
64 21 76 37 
[[4F, 6E, 68, 42], [37, 2A, 4E, 36], [75, 70, 41, 63], [64, 21, 76, 37]]
O7udn*p!hNAvB6c7
Answer from Hex Matrix: 
[[4F, 6E, 68, 42], [37, 2A, 4E, 36], [75, 70, 41, 63], [64, 21, 76, 37]]

7D 5C 57 5D 
45 4D 7D 54 
53 62 5E 64 
6B 30 7C 40 
[[7D, 5C, 57, 5D], [45, 4D, 7D, 54], [53, 62, 5E, 64], [6B, 30, 7C, 40]]
}ESk\Mb0W}^|]Td@
Answer from Hex Matrix: 
[[7D, 5C, 57, 5D], [45, 4D, 7D, 54], [53, 62, 5E, 64], [6B, 30, 7C, 40]]

63 75 4A 71 
2E 37 70 57 
7B 76 37 57 
27 5F 4C 52 
[[63, 75, 4A, 71], [2E, 37, 70, 57], [7B, 76, 37, 57], [27, 5F, 4C, 52]]
c.{'u7v_Jp7LqWWR
Answer from Hex Matrix: 
[[63, 75, 4A, 71], [2E, 37, 70, 57], [7B, 76, 37, 57], [27, 5F, 4C, 52]]

7D 39 22 4A 
24 76 51 3A 
51 25 74 73 
47 50 74 32 
[[7D, 39, 22, 4A], [24, 76, 51, 3A], [51, 25, 74, 73], [47, 50, 74, 32]]
}$QG9v%P"QttJ:s2
Answer from Hex Matrix: 
[[7D, 39, 22, 4A], [24, 76, 51, 3A], [51, 25, 74, 73], [47, 50, 74, 32]]

50 61 75 7B 
2A 7C 7D 49 
63 7C 5E 23 
72 58 26 21 
[[50, 61, 75, 7B], [2A, 7C, 7D, 49], [63, 7C, 5E, 23], [72, 58, 26, 21]]
P*cra||Xu}^&{I#!
Answer from Hex Matrix: 
[[50, 61, 75, 7B], [2A, 7C, 7D, 49], [63, 7C, 5E, 23], [72, 58, 26, 21]]

41 75 65 2B 
5E 6F 5D 39 
3A 32 65 51 
63 3D 34 60 
[[41, 75, 65, 2B], [5E, 6F, 5D, 39], [3A, 32, 65, 51], [63, 3D, 34, 60]]
A^:cuo2=e]e4+9Q`
Answer from Hex Matrix: 
[[41, 75, 65, 2B], [5E, 6F, 5D, 39], [3A, 32, 65, 51], [63, 3D, 34, 60]]

31 42 28 54 
2B 3E 73 36 
46 60 50 5D 
47 71 79 56 
[[31, 42, 28, 54], [2B, 3E, 73, 36], [46, 60, 50, 5D], [47, 71, 79, 56]]
1+FGB>`q(sPyT6]V
Answer from Hex Matrix: 
[[31, 42, 28, 54], [2B, 3E, 73, 36], [46, 60, 50, 5D], [47, 71, 79, 56]]

7C 23 6D 66 
61 52 6D 7D 
64 3A 3E 21 
60 21 38 5D 
[[7C, 23, 6D, 66], [61, 52, 6D, 7D], [64, 3A, 3E, 21], [60, 21, 38, 5D]]
|ad`#R:!mm>8f}!]
Answer from Hex Matrix: 
[[7C, 23, 6D, 66], [61, 52, 6D, 7D], [64, 3A, 3E, 21], [60, 21, 38, 5D]]

36 6D 73 32 
79 32 69 24 
2C 4D 30 2C 
77 2B 35 2D 
[[36, 6D, 73, 32], [79, 32, 69, 24], [2C, 4D, 30, 2C], [77, 2B, 35, 2D]]
6y,wm2M+si052$,-
Answer from Hex Matrix: 
[[36, 6D, 73, 32], [79, 32, 69, 24], [2C, 4D, 30, 2C], [77, 2B, 35, 2D]]

39 47 53 36 
7C 51 7B 63 
5F 64 53 30 
4A 28 58 3A 
[[39, 47, 53, 36], [7C, 51, 7B, 63], [5F, 64, 53, 30], [4A, 28, 58, 3A]]
9|_JGQd(S{SX6c0:
Answer from Hex Matrix: 
[[39, 47, 53, 36], [7C, 51, 7B, 63], [5F, 64, 53, 30], [4A, 28, 58, 3A]]

21 27 3F 32 
72 2D 54 68 
75 5B 6F 39 
3E 32 33 70 
[[21, 27, 3F, 32], [72, 2D, 54, 68], [75, 5B, 6F, 39], [3E, 32, 33, 70]]
!ru>'-[2?To32h9p
Answer from Hex Matrix: 
[[21, 27, 3F, 32], [72, 2D, 54, 68], [75, 5B, 6F, 39], [3E, 32, 33, 70]]

4E 56 46 68 
53 5F 5A 42 
6F 55 6F 3D 
38 59 60 42 
[[4E, 56, 46, 68], [53, 5F, 5A, 42], [6F, 55, 6F, 3D], [38, 59, 60, 42]]
NSo8V_UYFZo`hB=B
Answer from Hex Matrix: 
[[4E, 56, 46, 68], [53, 5F, 5A, 42], [6F, 55, 6F, 3D], [38, 59, 60, 42]]

28 3B 5D 5C 
4A 7C 7B 42 
46 76 3A 35 
72 6B 29 3C 
[[28, 3B, 5D, 5C], [4A, 7C, 7B, 42], [46, 76, 3A, 35], [72, 6B, 29, 3C]]
(JFr;|vk]{:)\B5<
Answer from Hex Matrix: 
[[28, 3B, 5D, 5C], [4A, 7C, 7B, 42], [46, 76, 3A, 35], [72, 6B, 29, 3C]]

3C 32 6F 59 
31 3C 63 74 
22 4F 67 6A 
46 23 27 4E 
[[3C, 32, 6F, 59], [31, 3C, 63, 74], [22, 4F, 67, 6A], [46, 23, 27, 4E]]
<1"F2<O#ocg'YtjN
Answer from Hex Matrix: 
[[3C, 32, 6F, 59], [31, 3C, 63, 74], [22, 4F, 67, 6A], [46, 23, 27, 4E]]

25 6C 25 5D 
7A 4E 31 28 
41 3A 4F 78 
71 3C 2C 65 
[[25, 6C, 25, 5D], [7A, 4E, 31, 28], [41, 3A, 4F, 78], [71, 3C, 2C, 65]]
%zAqlN:<%1O,](xe
Answer from Hex Matrix: 
[[25, 6C, 25, 5D], [7A, 4E, 31, 28], [41, 3A, 4F, 78], [71, 3C, 2C, 65]]

37 73 46 39 
22 65 4D 26 
64 51 3C 75 
23 39 71 3E 
[[37, 73, 46, 39], [22, 65, 4D, 26], [64, 51, 3C, 75], [23, 39, 71, 3E]]
7"d#seQ9FM<q9&u>
Answer from Hex Matrix: 
[[37, 73, 46, 39], [22, 65, 4D, 26], [64, 51, 3C, 75], [23, 39, 71, 3E]]

42 27 37 7D 
4B 3B 42 5F 
6B 7B 4A 3F 
4C 6B 29 5C 
[[42, 27, 37, 7D], [4B, 3B, 42, 5F], [6B, 7B, 4A, 3F], [4C, 6B, 29, 5C]]
BKkL';{k7BJ)}_?\
Answer from Hex Matrix: 
[[42, 27, 37, 7D], [4B, 3B, 42, 5F], [6B, 7B, 4A, 3F], [4C, 6B, 29, 5C]]

23 27 59 7A 
69 35 74 5D 
48 79 54 3D 
48 5B 5B 6B 
[[23, 27, 59, 7A], [69, 35, 74, 5D], [48, 79, 54, 3D], [48, 5B, 5B, 6B]]
#iHH'5y[YtT[z]=k
Answer from Hex Matrix: 
[[23, 27, 59, 7A], [69, 35, 74, 5D], [48, 79, 54, 3D], [48, 5B, 5B, 6B]]

33 2B 3D 30 
23 39 47 2F 
4A 5F 3A 37 
51 5C 35 59 
[[33, 2B, 3D, 30], [23, 39, 47, 2F], [4A, 5F, 3A, 37], [51, 5C, 35, 59]]
3#JQ+9_\=G:50/7Y
Answer from Hex Matrix: 
[[33, 2B, 3D, 30], [23, 39, 47, 2F], [4A, 5F, 3A, 37], [51, 5C, 35, 59]]

3D 3F 4C 55 
4D 4B 7B 5A 
4A 56 29 59 
58 52 2C 3D 
[[3D, 3F, 4C, 55], [4D, 4B, 7B, 5A], [4A, 56, 29, 59], [58, 52, 2C, 3D]]
=MJX?KVRL{),UZY=
Answer from Hex Matrix: 
[[3D, 3F, 4C, 55], [4D, 4B, 7B, 5A], [4A, 56, 29, 59], [58, 52, 2C, 3D]]

6A 79 55 49 
60 75 26 2D 
53 79 6A 33 
55 34 75 3B 
[[6A, 79, 55, 49], [60, 75, 26, 2D], [53, 79, 6A, 33], [55, 34, 75, 3B]]
j`SUyuy4U&juI-3;
Answer from Hex Matrix: 
[[6A, 79, 55, 49], [60, 75, 26, 2D], [53, 79, 6A, 33], [55, 34, 75, 3B]]

40 37 60 68 
66 5B 51 5E 
36 33 42 35 
36 39 2C 70 
[[40, 37, 60, 68], [66, 5B, 51, 5E], [36, 33, 42, 35], [36, 39, 2C, 70]]
@f667[39`QB,h^5p
Answer from Hex Matrix: 
[[40, 37, 60, 68], [66, 5B, 51, 5E], [36, 33, 42, 35], [36, 39, 2C, 70]]

5E 4C 2D 7D 
66 58 41 5E 
3A 3C 2D 66 
3D 3B 2B 76 
[[5E, 4C, 2D, 7D], [66, 58, 41, 5E], [3A, 3C, 2D, 66], [3D, 3B, 2B, 76]]
^f:=LX<;-A-+}^fv
Answer from Hex Matrix: 
[[5E, 4C, 2D, 7D], [66, 58, 41, 5E], [3A, 3C, 2D, 66], [3D, 3B, 2B, 76]]

32 31 4D 44 
4F 48 50 6C 
49 33 35 46 
50 66 36 3D 
[[32, 31, 4D, 44], [4F, 48, 50, 6C], [49, 33, 35, 46], [50, 66, 36, 3D]]
2OIP1H3fMP56DlF=
Answer from Hex Matrix: 
[[32, 31, 4D, 44], [4F, 48, 50, 6C], [49, 33, 35, 46], [50, 66, 36, 3D]]

25 74 4F 69 
6D 79 4C 32 
3D 23 6E 62 
4A 59 2E 4E 
[[25, 74, 4F, 69], [6D, 79, 4C, 32], [3D, 23, 6E, 62], [4A, 59, 2E, 4E]]
%m=Jty#YOLn.i2bN
Answer from Hex Matrix: 
[[25, 74, 4F, 69], [6D, 79, 4C, 32], [3D, 23, 6E, 62], [4A, 59, 2E, 4E]]

40 44 68 3D 
7B 5A 39 67 
30 6C 44 23 
45 23 5B 45 
[[40, 44, 68, 3D], [7B, 5A, 39, 67], [30, 6C, 44, 23], [45, 23, 5B, 45]]
@{0EDZl#h9D[=g#E
Answer from Hex Matrix: 
[[40, 44, 68, 3D], [7B, 5A, 39, 67], [30, 6C, 44, 23], [45, 23, 5B, 45]]

24 62 3A 2F 
3D 74 54 32 
79 2D 2C 2F 
3D 74 5D 32 
[[24, 62, 3A, 2F], [3D, 74, 54, 32], [79, 2D, 2C, 2F], [3D, 74, 5D, 32]]
$=y=bt-t:T,]/2/2
Answer from Hex Matrix: 
[[24, 62, 3A, 2F], [3D, 74, 54, 32], [79, 2D, 2C, 2F], [3D, 74, 5D, 32]]

28 78 64 3A 
52 7B 39 56 
30 59 2F 5F 
65 72 69 2D 
[[28, 78, 64, 3A], [52, 7B, 39, 56], [30, 59, 2F, 5F], [65, 72, 69, 2D]]
(R0ex{Yrd9/i:V_-
Answer from Hex Matrix: 
[[28, 78, 64, 3A], [52, 7B, 39, 56], [30, 59, 2F, 5F], [65, 72, 69, 2D]]

7A 48 53 36 
70 29 4C 21 
56 61 5E 4F 
7B 40 55 63 
[[7A, 48, 53, 36], [70, 29, 4C, 21], [56, 61, 5E, 4F], [7B, 40, 55, 63]]
zpV{H)a@SL^U6!Oc
Answer from Hex Matrix: 
[[7A, 48, 53, 36], [70, 29, 4C, 21], [56, 61, 5E, 4F], [7B, 40, 55, 63]]

3C 36 69 71 
7B 47 48 7A 
32 2E 37 4C 
67 6B 46 64 
[[3C, 36, 69, 71], [7B, 47, 48, 7A], [32, 2E, 37, 4C], [67, 6B, 46, 64]]
<{2g6G.kiH7FqzLd
Answer from Hex Matrix: 
[[3C, 36, 69, 71], [7B, 47, 48, 7A], [32, 2E, 37, 4C], [67, 6B, 46, 64]]

71 3F 7B 67 
65 7A 79 68 
37 6F 69 54 
69 62 42 69 
[[71, 3F, 7B, 67], [65, 7A, 79, 68], [37, 6F, 69, 54], [69, 62, 42, 69]]
qe7i?zob{yiBghTi
Answer from Hex Matrix: 
[[71, 3F, 7B, 67], [65, 7A, 79, 68], [37, 6F, 69, 54], [69, 62, 42, 69]]

66 6C 64 56 
7B 74 7C 65 
6B 38 68 56 
72 58 3F 75 
[[66, 6C, 64, 56], [7B, 74, 7C, 65], [6B, 38, 68, 56], [72, 58, 3F, 75]]
f{krlt8Xd|h?VeVu
Answer from Hex Matrix: 
[[66, 6C, 64, 56], [7B, 74, 7C, 65], [6B, 38, 68, 56], [72, 58, 3F, 75]]

3A 7A 7B 6D 
23 47 52 5F 
69 5A 4B 24 
4B 43 52 5F 
[[3A, 7A, 7B, 6D], [23, 47, 52, 5F], [69, 5A, 4B, 24], [4B, 43, 52, 5F]]
:#iKzGZC{RKRm_$_
Answer from Hex Matrix: 
[[3A, 7A, 7B, 6D], [23, 47, 52, 5F], [69, 5A, 4B, 24], [4B, 43, 52, 5F]]

6C 48 3A 39 
22 21 79 50 
21 75 30 34 
77 56 5B 2A 
[[6C, 48, 3A, 39], [22, 21, 79, 50], [21, 75, 30, 34], [77, 56, 5B, 2A]]
l"!wH!uV:y0[9P4*
Answer from Hex Matrix: 
[[6C, 48, 3A, 39], [22, 21, 79, 50], [21, 75, 30, 34], [77, 56, 5B, 2A]]

6E 60 59 2A 
6E 68 3E 5D 
6B 51 77 37 
4A 6E 61 65 
[[6E, 60, 59, 2A], [6E, 68, 3E, 5D], [6B, 51, 77, 37], [4A, 6E, 61, 65]]
nnkJ`hQnY>wa*]7e
Answer from Hex Matrix: 
[[6E, 60, 59, 2A], [6E, 68, 3E, 5D], [6B, 51, 77, 37], [4A, 6E, 61, 65]]

35 65 49 37 
56 67 40 2E 
25 5E 6D 54 
79 55 57 4A 
[[35, 65, 49, 37], [56, 67, 40, 2E], [25, 5E, 6D, 54], [79, 55, 57, 4A]]
5V%yeg^UI@mW7.TJ
Answer from Hex Matrix: 
[[35, 65, 49, 37], [56, 67, 40, 2E], [25, 5E, 6D, 54], [79, 55, 57, 4A]]

50 38 57 59 
26 2B 3F 57 
6C 77 5F 25 
77 38 6E 74 
[[50, 38, 57, 59], [26, 2B, 3F, 57], [6C, 77, 5F, 25], [77, 38, 6E, 74]]
P&lw8+w8W?_nYW%t
Answer from Hex Matrix: 
[[50, 38, 57, 59], [26, 2B, 3F, 57], [6C, 77, 5F, 25], [77, 38, 6E, 74]]

54 6F 69 37 
66 3F 24 5D 
2C 2E 48 63 
5E 57 3A 30 
[[54, 6F, 69, 37], [66, 3F, 24, 5D], [2C, 2E, 48, 63], [5E, 57, 3A, 30]]
Tf,^o?.Wi$H:7]c0
Answer from Hex Matrix: 
[[54, 6F, 69, 37], [66, 3F, 24, 5D], [2C, 2E, 48, 63], [5E, 57, 3A, 30]]

2B 3D 28 2D 
70 25 60 52 
4D 26 57 30 
5C 5F 35 5A 
[[2B, 3D, 28, 2D], [70, 25, 60, 52], [4D, 26, 57, 30], [5C, 5F, 35, 5A]]
+pM\=%&_(`W5-R0Z
Answer from Hex Matrix: 
[[2B, 3D, 28, 2D], [70, 25, 60, 52], [4D, 26, 57, 30], [5C, 5F, 35, 5A]]

34 67 56 67 
2A 5C 43 6A 
3B 64 4D 4E 
5B 34 56 79 
[[34, 67, 56, 67], [2A, 5C, 43, 6A], [3B, 64, 4D, 4E], [5B, 34, 56, 79]]
4*;[g\d4VCMVgjNy
Answer from Hex Matrix: 
[[34, 67, 56, 67], [2A, 5C, 43, 6A], [3B, 64, 4D, 4E], [5B, 34, 56, 79]]

6F 7B 2C 4E 
2A 61 24 54 
5A 57 79 42 
60 70 60 42 
[[6F, 7B, 2C, 4E], [2A, 61, 24, 54], [5A, 57, 79, 42], [60, 70, 60, 42]]
o*Z`{aWp,$y`NTBB
Answer from Hex Matrix: 
[[6F, 7B, 2C, 4E], [2A, 61, 24, 54], [5A, 57, 79, 42], [60, 70, 60, 42]]

2A 55 4E 4B 
4E 65 2D 2C 
2D 5C 7C 52 
53 58 2E 26 
[[2A, 55, 4E, 4B], [4E, 65, 2D, 2C], [2D, 5C, 7C, 52], [53, 58, 2E, 26]]
*N-SUe\XN-|.K,R&
Answer from Hex Matrix: 
[[2A, 55, 4E, 4B], [4E, 65, 2D, 2C], [2D, 5C, 7C, 52], [53, 58, 2E, 26]]

40 43 70 26 
74 51 22 71 
31 21 52 45 
28 2A 38 73 
[[40, 43, 70, 26], [74, 51, 22, 71], [31, 21, 52, 45], [28, 2A, 38, 73]]
@t1(CQ!*p"R8&qEs
Answer from Hex Matrix: 
[[40, 43, 70, 26], [74, 51, 22, 71], [31, 21, 52, 45], [28, 2A, 38, 73]]

50 68 6B 5D 
43 43 37 6A 
5C 5D 5F 68 
6F 58 51 64 
[[50, 68, 6B, 5D], [43, 43, 37, 6A], [5C, 5D, 5F, 68], [6F, 58, 51, 64]]
PC\ohC]Xk7_Q]jhd
Answer from Hex Matrix: 
[[50, 68, 6B, 5D], [43, 43, 37, 6A], [5C, 5D, 5F, 68], [6F, 58, 51, 64]]

7D 56 23 62 
60 54 2F 30 
23 4E 25 3E 
25 66 71 59 
[[7D, 56, 23, 62], [60, 54, 2F, 30], [23, 4E, 25, 3E], [25, 66, 71, 59]]
}`#%VTNf#/%qb0>Y
Answer from Hex Matrix: 
[[7D, 56, 23, 62], [60, 54, 2F, 30], [23, 4E, 25, 3E], [25, 66, 71, 59]]

62 22 63 25 
4E 48 38 40 
5C 71 44 2A 
6C 5E 6F 30 
[[62, 22, 63, 25], [4E, 48, 38, 40], [5C, 71, 44, 2A], [6C, 5E, 6F, 30]]
bN\l"Hq^c8Do%@*0
Answer from Hex Matrix: 
[[62, 22, 63, 25], [4E, 48, 38, 40], [5C, 71, 44, 2A], [6C, 5E, 6F, 30]]

38 45 6C 7A 
48 6A 30 6E 
46 4B 7D 69 
7D 51 50 65 
[[38, 45, 6C, 7A], [48, 6A, 30, 6E], [46, 4B, 7D, 69], [7D, 51, 50, 65]]
8HF}EjKQl0}Pznie
Answer from Hex Matrix: 
[[38, 45, 6C, 7A], [48, 6A, 30, 6E], [46, 4B, 7D, 69], [7D, 51, 50, 65]]

75 47 31 4E 
23 44 29 46 
63 4B 5B 45 
40 72 40 34 
[[75, 47, 31, 4E], [23, 44, 29, 46], [63, 4B, 5B, 45], [40, 72, 40, 34]]
u#c@GDKr1)[@NFE4
Answer from Hex Matrix: 
[[75, 47, 31, 4E], [23, 44, 29, 46], [63, 4B, 5B, 45], [40, 72, 40, 34]]

5C 47 2B 75 
7B 35 41 41 
4D 31 3C 5A 
58 2D 26 6F 
[[5C, 47, 2B, 75], [7B, 35, 41, 41], [4D, 31, 3C, 5A], [58, 2D, 26, 6F]]
\{MXG51-+A<&uAZo
Answer from Hex Matrix: 
[[5C, 47, 2B, 75], [7B, 35, 41, 41], [4D, 31, 3C, 5A], [58, 2D, 26, 6F]]

59 6B 53 4A 
51 37 40 26 
33 2A 26 66 
5D 5F 3F 2B 
[[59, 6B, 53, 4A], [51, 37, 40, 26], [33, 2A, 26, 66], [5D, 5F, 3F, 2B]]
YQ3]k7*_S@&?J&f+
Answer from Hex Matrix: 
[[59, 6B, 53, 4A], [51, 37, 40, 26], [33, 2A, 26, 66], [5D, 5F, 3F, 2B]]

4D 3D 36 6B 
53 4C 54 38 
6E 60 2A 6B 
56 79 6B 2F 
[[4D, 3D, 36, 6B], [53, 4C, 54, 38], [6E, 60, 2A, 6B], [56, 79, 6B, 2F]]
MSnV=L`y6T*kk8k/
Answer from Hex Matrix: 
[[4D, 3D, 36, 6B], [53, 4C, 54, 38], [6E, 60, 2A, 6B], [56, 79, 6B, 2F]]

2E 23 5D 63 
28 75 27 36 
5C 69 73 65 
64 5A 65 5D 
[[2E, 23, 5D, 63], [28, 75, 27, 36], [5C, 69, 73, 65], [64, 5A, 65, 5D]]
.(\d#uiZ]'sec6e]
Answer from Hex Matrix: 
[[2E, 23, 5D, 63], [28, 75, 27, 36], [5C, 69, 73, 65], [64, 5A, 65, 5D]]

5F 25 6C 55 
68 74 3E 79 
48 6D 5F 39 
5D 50 7A 2D 
[[5F, 25, 6C, 55], [68, 74, 3E, 79], [48, 6D, 5F, 39], [5D, 50, 7A, 2D]]
_hH]%tmPl>_zUy9-
Answer from Hex Matrix: 
[[5F, 25, 6C, 55], [68, 74, 3E, 79], [48, 6D, 5F, 39], [5D, 50, 7A, 2D]]

70 53 45 53 
4C 49 6F 48 
51 69 45 40 
2F 6F 4D 48 
[[70, 53, 45, 53], [4C, 49, 6F, 48], [51, 69, 45, 40], [2F, 6F, 4D, 48]]
pLQ/SIioEoEMSH@H
Answer from Hex Matrix: 
[[70, 53, 45, 53], [4C, 49, 6F, 48], [51, 69, 45, 40], [2F, 6F, 4D, 48]]

58 3F 5E 51 
72 49 75 53 
47 7D 3B 77 
2D 42 2B 5F 
[[58, 3F, 5E, 51], [72, 49, 75, 53], [47, 7D, 3B, 77], [2D, 42, 2B, 5F]]
XrG-?I}B^u;+QSw_
Answer from Hex Matrix: 
[[58, 3F, 5E, 51], [72, 49, 75, 53], [47, 7D, 3B, 77], [2D, 42, 2B, 5F]]

27 59 71 73 
2B 59 66 5B 
32 66 31 25 
30 70 70 72 
[[27, 59, 71, 73], [2B, 59, 66, 5B], [32, 66, 31, 25], [30, 70, 70, 72]]
'+20YYfpqf1ps[%r
Answer from Hex Matrix: 
[[27, 59, 71, 73], [2B, 59, 66, 5B], [32, 66, 31, 25], [30, 70, 70, 72]]

54 5A 22 5F 
21 61 6E 23 
2B 74 56 48 
3E 7D 2E 7B 
[[54, 5A, 22, 5F], [21, 61, 6E, 23], [2B, 74, 56, 48], [3E, 7D, 2E, 7B]]
T!+>Zat}"nV._#H{
Answer from Hex Matrix: 
[[54, 5A, 22, 5F], [21, 61, 6E, 23], [2B, 74, 56, 48], [3E, 7D, 2E, 7B]]

53 48 31 41 
60 6C 7D 50 
7A 76 6F 71 
2B 7D 75 24 
[[53, 48, 31, 41], [60, 6C, 7D, 50], [7A, 76, 6F, 71], [2B, 7D, 75, 24]]
S`z+Hlv}1}ouAPq$
Answer from Hex Matrix: 
[[53, 48, 31, 41], [60, 6C, 7D, 50], [7A, 76, 6F, 71], [2B, 7D, 75, 24]]

5D 2A 35 72 
5E 2B 72 50 
3E 5B 67 59 
6B 40 50 38 
[[5D, 2A, 35, 72], [5E, 2B, 72, 50], [3E, 5B, 67, 59], [6B, 40, 50, 38]]
]^>k*+[@5rgPrPY8
Answer from Hex Matrix: 
[[5D, 2A, 35, 72], [5E, 2B, 72, 50], [3E, 5B, 67, 59], [6B, 40, 50, 38]]

24 77 26 3D 
2D 26 28 5F 
62 3C 6A 37 
47 51 4F 34 
[[24, 77, 26, 3D], [2D, 26, 28, 5F], [62, 3C, 6A, 37], [47, 51, 4F, 34]]
$-bGw&<Q&(jO=_74
Answer from Hex Matrix: 
[[24, 77, 26, 3D], [2D, 26, 28, 5F], [62, 3C, 6A, 37], [47, 51, 4F, 34]]

51 74 71 45 
33 6D 2D 7C 
67 49 27 43 
46 69 28 38 
[[51, 74, 71, 45], [33, 6D, 2D, 7C], [67, 49, 27, 43], [46, 69, 28, 38]]
Q3gFtmIiq-'(E|C8
Answer from Hex Matrix: 
[[51, 74, 71, 45], [33, 6D, 2D, 7C], [67, 49, 27, 43], [46, 69, 28, 38]]

37 24 55 7B 
6D 74 72 7B 
22 37 32 56 
43 47 6F 6C 
[[37, 24, 55, 7B], [6D, 74, 72, 7B], [22, 37, 32, 56], [43, 47, 6F, 6C]]
7m"C$t7GUr2o{{Vl
Answer from Hex Matrix: 
[[37, 24, 55, 7B], [6D, 74, 72, 7B], [22, 37, 32, 56], [43, 47, 6F, 6C]]

27 30 70 24 
39 48 3A 5B 
59 7D 25 27 
35 4C 4A 6A 
[[27, 30, 70, 24], [39, 48, 3A, 5B], [59, 7D, 25, 27], [35, 4C, 4A, 6A]]
'9Y50H}Lp:%J$['j
Answer from Hex Matrix: 
[[27, 30, 70, 24], [39, 48, 3A, 5B], [59, 7D, 25, 27], [35, 4C, 4A, 6A]]

5E 3B 4E 44 
24 6E 61 74 
56 48 35 5B 
52 3B 37 66 
[[5E, 3B, 4E, 44], [24, 6E, 61, 74], [56, 48, 35, 5B], [52, 3B, 37, 66]]
^$VR;nH;Na57Dt[f
Answer from Hex Matrix: 
[[5E, 3B, 4E, 44], [24, 6E, 61, 74], [56, 48, 35, 5B], [52, 3B, 37, 66]]

3D 4B 51 5E 
5E 65 32 7B 
7C 36 49 42 
2E 24 52 65 
[[3D, 4B, 51, 5E], [5E, 65, 32, 7B], [7C, 36, 49, 42], [2E, 24, 52, 65]]
=^|.Ke6$Q2IR^{Be
Answer from Hex Matrix: 
[[3D, 4B, 51, 5E], [5E, 65, 32, 7B], [7C, 36, 49, 42], [2E, 24, 52, 65]]

5F 2E 76 7A 
33 68 70 56 
44 7C 24 47 
41 66 2D 7D 
[[5F, 2E, 76, 7A], [33, 68, 70, 56], [44, 7C, 24, 47], [41, 66, 2D, 7D]]
_3DA.h|fvp$-zVG}
Answer from Hex Matrix: 
[[5F, 2E, 76, 7A], [33, 68, 70, 56], [44, 7C, 24, 47], [41, 66, 2D, 7D]]

74 41 2B 3F 
36 46 74 54 
68 69 36 40 
40 37 58 60 
[[74, 41, 2B, 3F], [36, 46, 74, 54], [68, 69, 36, 40], [40, 37, 58, 60]]
t6h@AFi7+t6X?T@`
Answer from Hex Matrix: 
[[74, 41, 2B, 3F], [36, 46, 74, 54], [68, 69, 36, 40], [40, 37, 58, 60]]

73 5A 47 49 
38 6A 43 41 
4E 6C 72 3E 
2D 21 77 6C 
[[73, 5A, 47, 49], [38, 6A, 43, 41], [4E, 6C, 72, 3E], [2D, 21, 77, 6C]]
s8N-Zjl!GCrwIA>l
Answer from Hex Matrix: 
[[73, 5A, 47, 49], [38, 6A, 43, 41], [4E, 6C, 72, 3E], [2D, 21, 77, 6C]]

6A 4C 4E 77 
72 55 73 2C 
2B 2E 7C 4A 
28 3E 77 72 
[[6A, 4C, 4E, 77], [72, 55, 73, 2C], [2B, 2E, 7C, 4A], [28, 3E, 77, 72]]
jr+(LU.>Ns|ww,Jr
Answer from Hex Matrix: 
[[6A, 4C, 4E, 77], [72, 55, 73, 2C], [2B, 2E, 7C, 4A], [28, 3E, 77, 72]]

4B 21 6A 28 
35 4C 2C 3B 
43 6D 40 39 
56 2B 5C 6F 
[[4B, 21, 6A, 28], [35, 4C, 2C, 3B], [43, 6D, 40, 39], [56, 2B, 5C, 6F]]
K5CV!Lm+j,@\(;9o
Answer from Hex Matrix: 
[[4B, 21, 6A, 28], [35, 4C, 2C, 3B], [43, 6D, 40, 39], [56, 2B, 5C, 6F]]

3D 43 3A 32 
5F 5B 3C 53 
4B 28 47 3E 
26 43 6A 44 
[[3D, 43, 3A, 32], [5F, 5B, 3C, 53], [4B, 28, 47, 3E], [26, 43, 6A, 44]]
=_K&C[(C:<Gj2S>D
Answer from Hex Matrix: 
[[3D, 43, 3A, 32], [5F, 5B, 3C, 53], [4B, 28, 47, 3E], [26, 43, 6A, 44]]

35 70 69 44 
54 50 73 42 
31 58 79 3F 
2B 74 5B 77 
[[35, 70, 69, 44], [54, 50, 73, 42], [31, 58, 79, 3F], [2B, 74, 5B, 77]]
5T1+pPXtisy[DB?w
Answer from Hex Matrix: 
[[35, 70, 69, 44], [54, 50, 73, 42], [31, 58, 79, 3F], [2B, 74, 5B, 77]]

21 30 6A 64 
53 74 24 6C 
57 69 4F 67 
3E 74 6D 53 
[[21, 30, 6A, 64], [53, 74, 24, 6C], [57, 69, 4F, 67], [3E, 74, 6D, 53]]
!SW>0titj$OmdlgS
Answer from Hex Matrix: 
[[21, 30, 6A, 64], [53, 74, 24, 6C], [57, 69, 4F, 67], [3E, 74, 6D, 53]]

7D 7A 2C 52 
7C 5A 52 47 
76 55 55 76 
44 27 3B 70 
[[7D, 7A, 2C, 52], [7C, 5A, 52, 47], [76, 55, 55, 76], [44, 27, 3B, 70]]
}|vDzZU',RU;RGvp
Answer from Hex Matrix: 
[[7D, 7A, 2C, 52], [7C, 5A, 52, 47], [76, 55, 55, 76], [44, 27, 3B, 70]]

51 55 7A 2E 
56 43 43 2C 
6A 62 33 77 
71 7D 45 48 
[[51, 55, 7A, 2E], [56, 43, 43, 2C], [6A, 62, 33, 77], [71, 7D, 45, 48]]
QVjqUCb}zC3E.,wH
Answer from Hex Matrix: 
[[51, 55, 7A, 2E], [56, 43, 43, 2C], [6A, 62, 33, 77], [71, 7D, 45, 48]]

33 4B 6E 2A 
4F 33 48 2C 
4C 44 35 29 
30 6C 51 40 
[[33, 4B, 6E, 2A], [4F, 33, 48, 2C], [4C, 44, 35, 29], [30, 6C, 51, 40]]
3OL0K3DlnH5Q*,)@
Answer from Hex Matrix: 
[[33, 4B, 6E, 2A], [4F, 33, 48, 2C], [4C, 44, 35, 29], [30, 6C, 51, 40]]

32 29 77 21 
3D 42 37 44 
71 3A 55 74 
38 43 45 51 
[[32, 29, 77, 21], [3D, 42, 37, 44], [71, 3A, 55, 74], [38, 43, 45, 51]]
2=q8)B:Cw7UE!DtQ
Answer from Hex Matrix: 
[[32, 29, 77, 21], [3D, 42, 37, 44], [71, 3A, 55, 74], [38, 43, 45, 51]]

53 77 77 65 
7B 2E 2A 2B 
61 5A 5E 57 
2D 60 3E 46 
[[53, 77, 77, 65], [7B, 2E, 2A, 2B], [61, 5A, 5E, 57], [2D, 60, 3E, 46]]
S{a-w.Z`w*^>e+WF
Answer from Hex Matrix: 
[[53, 77, 77, 65], [7B, 2E, 2A, 2B], [61, 5A, 5E, 57], [2D, 60, 3E, 46]]

7D 4E 72 45 
5D 68 60 49 
23 74 3F 62 
4E 76 62 7C 
[[7D, 4E, 72, 45], [5D, 68, 60, 49], [23, 74, 3F, 62], [4E, 76, 62, 7C]]
}]#NNhtvr`?bEIb|
Answer from Hex Matrix: 
[[7D, 4E, 72, 45], [5D, 68, 60, 49], [23, 74, 3F, 62], [4E, 76, 62, 7C]]

65 78 26 69 
30 68 56 33 
36 46 60 7B 
6B 51 43 27 
[[65, 78, 26, 69], [30, 68, 56, 33], [36, 46, 60, 7B], [6B, 51, 43, 27]]
e06kxhFQ&V`Ci3{'
Answer from Hex Matrix: 
[[65, 78, 26, 69], [30, 68, 56, 33], [36, 46, 60, 7B], [6B, 51, 43, 27]]

66 24 52 63 
3A 3A 66 70 
35 2E 4C 73 
73 65 6A 78 
[[66, 24, 52, 63], [3A, 3A, 66, 70], [35, 2E, 4C, 73], [73, 65, 6A, 78]]
f:5s$:.eRfLjcpsx
Answer from Hex Matrix: 
[[66, 24, 52, 63], [3A, 3A, 66, 70], [35, 2E, 4C, 73], [73, 65, 6A, 78]]

48 5C 21 34 
22 73 4F 35 
70 40 40 42 
4A 41 4E 74 
[[48, 5C, 21, 34], [22, 73, 4F, 35], [70, 40, 40, 42], [4A, 41, 4E, 74]]
H"pJ\s@A!O@N45Bt
Answer from Hex Matrix: 
[[48, 5C, 21, 34], [22, 73, 4F, 35], [70, 40, 40, 42], [4A, 41, 4E, 74]]

31 53 40 4A 
6D 63 7A 46 
38 51 29 7B 
2B 41 7B 48 
[[31, 53, 40, 4A], [6D, 63, 7A, 46], [38, 51, 29, 7B], [2B, 41, 7B, 48]]
1m8+ScQA@z){JF{H
Answer from Hex Matrix: 
[[31, 53, 40, 4A], [6D, 63, 7A, 46], [38, 51, 29, 7B], [2B, 41, 7B, 48]]

64 44 4C 6A 
69 4C 2D 31 
66 30 56 6D 
62 36 5B 5D 
[[64, 44, 4C, 6A], [69, 4C, 2D, 31], [66, 30, 56, 6D], [62, 36, 5B, 5D]]
difbDL06L-V[j1m]
Answer from Hex Matrix: 
[[64, 44, 4C, 6A], [69, 4C, 2D, 31], [66, 30, 56, 6D], [62, 36, 5B, 5D]]

41 68 3E 6C 
69 23 70 4B 
42 32 30 3D 
2D 68 53 51 
[[41, 68, 3E, 6C], [69, 23, 70, 4B], [42, 32, 30, 3D], [2D, 68, 53, 51]]
AiB-h#2h>p0SlK=Q
Answer from Hex Matrix: 
[[41, 68, 3E, 6C], [69, 23, 70, 4B], [42, 32, 30, 3D], [2D, 68, 53, 51]]

36 62 2D 35 
29 78 58 69 
4F 4A 67 3E 
53 37 30 2C 
[[36, 62, 2D, 35], [29, 78, 58, 69], [4F, 4A, 67, 3E], [53, 37, 30, 2C]]
6)OSbxJ7-Xg05i>,
Answer from Hex Matrix: 
[[36, 62, 2D, 35], [29, 78, 58, 69], [4F, 4A, 67, 3E], [53, 37, 30, 2C]]

22 47 46 62 
35 31 53 24 
2C 5F 2C 30 
43 5E 34 50 
[[22, 47, 46, 62], [35, 31, 53, 24], [2C, 5F, 2C, 30], [43, 5E, 34, 50]]
"5,CG1_^FS,4b$0P
Answer from Hex Matrix: 
[[22, 47, 46, 62], [35, 31, 53, 24], [2C, 5F, 2C, 30], [43, 5E, 34, 50]]

36 47 53 3E 
65 78 56 27 
30 65 61 5F 
7C 37 33 3E 
[[36, 47, 53, 3E], [65, 78, 56, 27], [30, 65, 61, 5F], [7C, 37, 33, 3E]]
6e0|Gxe7SVa3>'_>
Answer from Hex Matrix: 
[[36, 47, 53, 3E], [65, 78, 56, 27], [30, 65, 61, 5F], [7C, 37, 33, 3E]]

47 70 70 56 
72 59 7B 7A 
66 61 55 39 
46 49 51 29 
[[47, 70, 70, 56], [72, 59, 7B, 7A], [66, 61, 55, 39], [46, 49, 51, 29]]
GrfFpYaIp{UQVz9)
Answer from Hex Matrix: 
[[47, 70, 70, 56], [72, 59, 7B, 7A], [66, 61, 55, 39], [46, 49, 51, 29]]

7B 33 33 5E 
79 54 3F 77 
38 35 38 66 
34 5B 56 53 
[[7B, 33, 33, 5E], [79, 54, 3F, 77], [38, 35, 38, 66], [34, 5B, 56, 53]]
{y843T5[3?8V^wfS
Answer from Hex Matrix: 
[[7B, 33, 33, 5E], [79, 54, 3F, 77], [38, 35, 38, 66], [34, 5B, 56, 53]]

4D 6B 68 5B 
31 3C 52 50 
58 3E 47 2D 
24 27 60 43 
[[4D, 6B, 68, 5B], [31, 3C, 52, 50], [58, 3E, 47, 2D], [24, 27, 60, 43]]
M1X$k<>'hRG`[P-C
Answer from Hex Matrix: 
[[4D, 6B, 68, 5B], [31, 3C, 52, 50], [58, 3E, 47, 2D], [24, 27, 60, 43]]

38 3F 28 60 
22 66 26 33 
70 46 36 6A 
72 21 4B 79 
[[38, 3F, 28, 60], [22, 66, 26, 33], [70, 46, 36, 6A], [72, 21, 4B, 79]]
8"pr?fF!(&6K`3jy
Answer from Hex Matrix: 
[[38, 3F, 28, 60], [22, 66, 26, 33], [70, 46, 36, 6A], [72, 21, 4B, 79]]

4A 74 5B 3C 
3B 4F 41 3F 
78 52 5E 55 
30 78 3B 60 
[[4A, 74, 5B, 3C], [3B, 4F, 41, 3F], [78, 52, 5E, 55], [30, 78, 3B, 60]]
J;x0tORx[A^;<?U`
Answer from Hex Matrix: 
[[4A, 74, 5B, 3C], [3B, 4F, 41, 3F], [78, 52, 5E, 55], [30, 78, 3B, 60]]

69 6E 39 72 
4A 35 37 45 
7B 23 73 51 
33 4A 37 5A 
[[69, 6E, 39, 72], [4A, 35, 37, 45], [7B, 23, 73, 51], [33, 4A, 37, 5A]]
iJ{3n5#J97s7rEQZ
Answer from Hex Matrix: 
[[69, 6E, 39, 72], [4A, 35, 37, 45], [7B, 23, 73, 51], [33, 4A, 37, 5A]]

34 2A 5A 3F 
38 79 4B 2D 
42 77 5F 44 
46 44 43 35 
[[34, 2A, 5A, 3F], [38, 79, 4B, 2D], [42, 77, 5F, 44], [46, 44, 43, 35]]
48BF*ywDZK_C?-D5
Answer from Hex Matrix: 
[[34, 2A, 5A, 3F], [38, 79, 4B, 2D], [42, 77, 5F, 44], [46, 44, 43, 35]]

44 3E 53 26 
5A 28 5C 58 
5F 6A 74 60 
44 31 54 70 
[[44, 3E, 53, 26], [5A, 28, 5C, 58], [5F, 6A, 74, 60], [44, 31, 54, 70]]
DZ_D>(j1S\tT&X`p
Answer from Hex Matrix: 
[[44, 3E, 53, 26], [5A, 28, 5C, 58], [5F, 6A, 74, 60], [44, 31, 54, 70]]

4D 58 60 3F 
2D 29 79 76 
53 34 66 6D 
61 71 43 73 
[[4D, 58, 60, 3F], [2D, 29, 79, 76], [53, 34, 66, 6D], [61, 71, 43, 73]]
M-SaX)4q`yfC?vms
Answer from Hex Matrix: 
[[4D, 58, 60, 3F], [2D, 29, 79, 76], [53, 34, 66, 6D], [61, 71, 43, 73]]

3C 3E 2A 33 
21 3F 34 23 
25 61 30 38 
32 32 57 21 
[[3C, 3E, 2A, 33], [21, 3F, 34, 23], [25, 61, 30, 38], [32, 32, 57, 21]]
<!%2>?a2*40W3#8!
Answer from Hex Matrix: 
[[3C, 3E, 2A, 33], [21, 3F, 34, 23], [25, 61, 30, 38], [32, 32, 57, 21]]

42 5E 39 7B 
3E 4E 2E 78 
75 35 79 4A 
4E 62 5C 26 
[[42, 5E, 39, 7B], [3E, 4E, 2E, 78], [75, 35, 79, 4A], [4E, 62, 5C, 26]]
B>uN^N5b9.y\{xJ&
Answer from Hex Matrix: 
[[42, 5E, 39, 7B], [3E, 4E, 2E, 78], [75, 35, 79, 4A], [4E, 62, 5C, 26]]

4B 69 2B 57 
27 3C 53 48 
40 60 29 50 
68 6F 75 50 
[[4B, 69, 2B, 57], [27, 3C, 53, 48], [40, 60, 29, 50], [68, 6F, 75, 50]]
K'@hi<`o+S)uWHPP
Answer from Hex Matrix: 
[[4B, 69, 2B, 57], [27, 3C, 53, 48], [40, 60, 29, 50], [68, 6F, 75, 50]]

79 31 33 24 
5A 62 5F 3F 
37 59 78 56 
57 3E 5F 41 
[[79, 31, 33, 24], [5A, 62, 5F, 3F], [37, 59, 78, 56], [57, 3E, 5F, 41]]
yZ7W1bY>3_x_$?VA
Answer from Hex Matrix: 
[[79, 31, 33, 24], [5A, 62, 5F, 3F], [37, 59, 78, 56], [57, 3E, 5F, 41]]

4D 2B 52 57 
70 5C 4A 56 
3E 44 43 33 
46 6A 53 6F 
[[4D, 2B, 52, 57], [70, 5C, 4A, 56], [3E, 44, 43, 33], [46, 6A, 53, 6F]]
Mp>F+\DjRJCSWV3o
Answer from Hex Matrix: 
[[4D, 2B, 52, 57], [70, 5C, 4A, 56], [3E, 44, 43, 33], [46, 6A, 53, 6F]]

46 4F 2C 23 
6A 25 45 5E 
4D 37 27 68 
22 62 61 61 
[[46, 4F, 2C, 23], [6A, 25, 45, 5E], [4D, 37, 27, 68], [22, 62, 61, 61]]
FjM"O%7b,E'a#^ha
Answer from Hex Matrix: 
[[46, 4F, 2C, 23], [6A, 25, 45, 5E], [4D, 37, 27, 68], [22, 62, 61, 61]]

42 45 41 6B 
3D 51 62 78 
43 49 31 45 
21 2A 42 69 
[[42, 45, 41, 6B], [3D, 51, 62, 78], [43, 49, 31, 45], [21, 2A, 42, 69]]
B=C!EQI*Ab1BkxEi
Answer from Hex Matrix: 
[[42, 45, 41, 6B], [3D, 51, 62, 78], [43, 49, 31, 45], [21, 2A, 42, 69]]

42 31 4C 67 
30 6B 64 6B 
4E 43 62 68 
43 4A 6A 32 
[[42, 31, 4C, 67], [30, 6B, 64, 6B], [4E, 43, 62, 68], [43, 4A, 6A, 32]]
B0NC1kCJLdbjgkh2
Answer from Hex Matrix: 
[[42, 31, 4C, 67], [30, 6B, 64, 6B], [4E, 43, 62, 68], [43, 4A, 6A, 32]]

6B 67 76 47 
33 71 2A 53 
51 7D 49 4B 
4A 33 7A 73 
[[6B, 67, 76, 47], [33, 71, 2A, 53], [51, 7D, 49, 4B], [4A, 33, 7A, 73]]
k3QJgq}3v*IzGSKs
Answer from Hex Matrix: 
[[6B, 67, 76, 47], [33, 71, 2A, 53], [51, 7D, 49, 4B], [4A, 33, 7A, 73]]

46 65 45 47 
58 7A 66 21 
47 2E 6C 67 
56 5A 7C 3F 
[[46, 65, 45, 47], [58, 7A, 66, 21], [47, 2E, 6C, 67], [56, 5A, 7C, 3F]]
FXGVez.ZEfl|G!g?
Answer from Hex Matrix: 
[[46, 65, 45, 47], [58, 7A, 66, 21], [47, 2E, 6C, 67], [56, 5A, 7C, 3F]]

51 72 5A 32 
2F 24 43 2F 
51 26 62 47 
58 39 61 7D 
[[51, 72, 5A, 32], [2F, 24, 43, 2F], [51, 26, 62, 47], [58, 39, 61, 7D]]
Q/QXr$&9ZCba2/G}
Answer from Hex Matrix: 
[[51, 72, 5A, 32], [2F, 24, 43, 2F], [51, 26, 62, 47], [58, 39, 61, 7D]]

3D 33 4B 40 
58 40 78 51 
30 3D 5B 77 
34 65 3F 40 
[[3D, 33, 4B, 40], [58, 40, 78, 51], [30, 3D, 5B, 77], [34, 65, 3F, 40]]
=X043@=eKx[?@Qw@
Answer from Hex Matrix: 
[[3D, 33, 4B, 40], [58, 40, 78, 51], [30, 3D, 5B, 77], [34, 65, 3F, 40]]

5F 6A 43 56 
28 6D 40 58 
7A 44 71 71 
28 40 54 5E 
[[5F, 6A, 43, 56], [28, 6D, 40, 58], [7A, 44, 71, 71], [28, 40, 54, 5E]]
_(z(jmD@C@qTVXq^
Answer from Hex Matrix: 
[[5F, 6A, 43, 56], [28, 6D, 40, 58], [7A, 44, 71, 71], [28, 40, 54, 5E]]

41 71 5A 4B 
5A 78 34 56 
2E 3A 33 5F 
6B 5E 7C 7C 
[[41, 71, 5A, 4B], [5A, 78, 34, 56], [2E, 3A, 33, 5F], [6B, 5E, 7C, 7C]]
AZ.kqx:^Z43|KV_|
Answer from Hex Matrix: 
[[41, 71, 5A, 4B], [5A, 78, 34, 56], [2E, 3A, 33, 5F], [6B, 5E, 7C, 7C]]

50 31 3F 77 
2E 46 6A 5C 
6C 70 39 3A 
7C 35 2D 21 
[[50, 31, 3F, 77], [2E, 46, 6A, 5C], [6C, 70, 39, 3A], [7C, 35, 2D, 21]]
P.l|1Fp5?j9-w\:!
Answer from Hex Matrix: 
[[50, 31, 3F, 77], [2E, 46, 6A, 5C], [6C, 70, 39, 3A], [7C, 35, 2D, 21]]

3D 30 5B 67 
2F 45 34 39 
4A 65 34 2D 
25 54 30 2B 
[[3D, 30, 5B, 67], [2F, 45, 34, 39], [4A, 65, 34, 2D], [25, 54, 30, 2B]]
=/J%0EeT[440g9-+
Answer from Hex Matrix: 
[[3D, 30, 5B, 67], [2F, 45, 34, 39], [4A, 65, 34, 2D], [25, 54, 30, 2B]]

37 3F 38 25 
38 2D 61 66 
58 49 62 24 
48 48 43 42 
[[37, 3F, 38, 25], [38, 2D, 61, 66], [58, 49, 62, 24], [48, 48, 43, 42]]
78XH?-IH8abC%f$B
Answer from Hex Matrix: 
[[37, 3F, 38, 25], [38, 2D, 61, 66], [58, 49, 62, 24], [48, 48, 43, 42]]

71 27 2D 77 
5B 5C 40 4F 
54 45 30 38 
53 4C 71 67 
[[71, 27, 2D, 77], [5B, 5C, 40, 4F], [54, 45, 30, 38], [53, 4C, 71, 67]]
q[TS'\EL-@0qwO8g
Answer from Hex Matrix: 
[[71, 27, 2D, 77], [5B, 5C, 40, 4F], [54, 45, 30, 38], [53, 4C, 71, 67]]

2C 5E 5C 50 
3B 65 22 56 
3E 25 3F 7B 
54 3A 35 52 
[[2C, 5E, 5C, 50], [3B, 65, 22, 56], [3E, 25, 3F, 7B], [54, 3A, 35, 52]]
,;>T^e%:\"?5PV{R
Answer from Hex Matrix: 
[[2C, 5E, 5C, 50], [3B, 65, 22, 56], [3E, 25, 3F, 7B], [54, 3A, 35, 52]]

21 5D 7C 65 
24 63 6C 23 
74 74 61 2D 
5D 53 65 43 
[[21, 5D, 7C, 65], [24, 63, 6C, 23], [74, 74, 61, 2D], [5D, 53, 65, 43]]
!$t]]ctS|laee#-C
Answer from Hex Matrix: 
[[21, 5D, 7C, 65], [24, 63, 6C, 23], [74, 74, 61, 2D], [5D, 53, 65, 43]]

44 69 53 21 
66 5A 36 6B 
32 4A 45 2E 
7C 64 71 44 
[[44, 69, 53, 21], [66, 5A, 36, 6B], [32, 4A, 45, 2E], [7C, 64, 71, 44]]
Df2|iZJdS6Eq!k.D
Answer from Hex Matrix: 
[[44, 69, 53, 21], [66, 5A, 36, 6B], [32, 4A, 45, 2E], [7C, 64, 71, 44]]

3F 32 37 41 
4B 52 3F 74 
2B 28 65 70 
41 53 49 6C 
[[3F, 32, 37, 41], [4B, 52, 3F, 74], [2B, 28, 65, 70], [41, 53, 49, 6C]]
?K+A2R(S7?eIAtpl
Answer from Hex Matrix: 
[[3F, 32, 37, 41], [4B, 52, 3F, 74], [2B, 28, 65, 70], [41, 53, 49, 6C]]

2A 39 39 57 
5E 3C 45 74 
30 4A 46 77 
51 43 23 7A 
[[2A, 39, 39, 57], [5E, 3C, 45, 74], [30, 4A, 46, 77], [51, 43, 23, 7A]]
*^0Q9<JC9EF#Wtwz
Answer from Hex Matrix: 
[[2A, 39, 39, 57], [5E, 3C, 45, 74], [30, 4A, 46, 77], [51, 43, 23, 7A]]

25 75 54 45 
4F 76 2D 68 
23 48 61 61 
52 76 2B 51 
[[25, 75, 54, 45], [4F, 76, 2D, 68], [23, 48, 61, 61], [52, 76, 2B, 51]]
%O#RuvHvT-a+EhaQ
Answer from Hex Matrix: 
[[25, 75, 54, 45], [4F, 76, 2D, 68], [23, 48, 61, 61], [52, 76, 2B, 51]]

4C 2F 55 24 
6E 77 5C 70 
52 5C 54 7B 
36 3B 79 25 
[[4C, 2F, 55, 24], [6E, 77, 5C, 70], [52, 5C, 54, 7B], [36, 3B, 79, 25]]
LnR6/w\;U\Ty$p{%
Answer from Hex Matrix: 
[[4C, 2F, 55, 24], [6E, 77, 5C, 70], [52, 5C, 54, 7B], [36, 3B, 79, 25]]

64 7C 51 6A 
4E 70 33 66 
67 6B 51 58 
72 78 23 2A 
[[64, 7C, 51, 6A], [4E, 70, 33, 66], [67, 6B, 51, 58], [72, 78, 23, 2A]]
dNgr|pkxQ3Q#jfX*
Answer from Hex Matrix: 
[[64, 7C, 51, 6A], [4E, 70, 33, 66], [67, 6B, 51, 58], [72, 78, 23, 2A]]

4D 59 25 33 
27 3B 58 29 
5E 6A 4F 4E 
38 3D 66 55 
[[4D, 59, 25, 33], [27, 3B, 58, 29], [5E, 6A, 4F, 4E], [38, 3D, 66, 55]]
M'^8Y;j=%XOf3)NU
Answer from Hex Matrix: 
[[4D, 59, 25, 33], [27, 3B, 58, 29], [5E, 6A, 4F, 4E], [38, 3D, 66, 55]]

6E 35 3E 31 
36 2D 4A 69 
57 51 6F 29 
5A 73 53 44 
[[6E, 35, 3E, 31], [36, 2D, 4A, 69], [57, 51, 6F, 29], [5A, 73, 53, 44]]
n6WZ5-Qs>JoS1i)D
Answer from Hex Matrix: 
[[6E, 35, 3E, 31], [36, 2D, 4A, 69], [57, 51, 6F, 29], [5A, 73, 53, 44]]

46 72 69 23 
25 3D 31 51 
67 54 55 6B 
65 68 36 2D 
[[46, 72, 69, 23], [25, 3D, 31, 51], [67, 54, 55, 6B], [65, 68, 36, 2D]]
F%ger=Thi1U6#Qk-
Answer from Hex Matrix: 
[[46, 72, 69, 23], [25, 3D, 31, 51], [67, 54, 55, 6B], [65, 68, 36, 2D]]

50 52 5F 26 
6C 54 66 7D 
64 6F 37 24 
36 6A 34 62 
[[50, 52, 5F, 26], [6C, 54, 66, 7D], [64, 6F, 37, 24], [36, 6A, 34, 62]]
Pld6RToj_f74&}$b
Answer from Hex Matrix: 
[[50, 52, 5F, 26], [6C, 54, 66, 7D], [64, 6F, 37, 24], [36, 6A, 34, 62]]

2F 38 76 33 
79 41 5B 6F 
62 6E 6A 2F 
78 45 7D 27 
[[2F, 38, 76, 33], [79, 41, 5B, 6F], [62, 6E, 6A, 2F], [78, 45, 7D, 27]]
/ybx8AnEv[j}3o/'
Answer from Hex Matrix: 
[[2F, 38, 76, 33], [79, 41, 5B, 6F], [62, 6E, 6A, 2F], [78, 45, 7D, 27]]

24 3D 23 2D 
2E 7B 33 73 
40 71 47 74 
56 71 32 38 
[[24, 3D, 23, 2D], [2E, 7B, 33, 73], [40, 71, 47, 74], [56, 71, 32, 38]]
$.@V={qq#3G2-st8
Answer from Hex Matrix: 
[[24, 3D, 23, 2D], [2E, 7B, 33, 73], [40, 71, 47, 74], [56, 71, 32, 38]]

46 38 2F 78 
6E 49 74 42 
3E 74 63 43 
24 43 4F 59 
[[46, 38, 2F, 78], [6E, 49, 74, 42], [3E, 74, 63, 43], [24, 43, 4F, 59]]
Fn>$8ItC/tcOxBCY
Answer from Hex Matrix: 
[[46, 38, 2F, 78], [6E, 49, 74, 42], [3E, 74, 63, 43], [24, 43, 4F, 59]]

51 69 75 7D 
43 7C 22 78 
2B 70 7C 40 
21 4F 26 4C 
[[51, 69, 75, 7D], [43, 7C, 22, 78], [2B, 70, 7C, 40], [21, 4F, 26, 4C]]
QC+!i|pOu"|&}x@L
Answer from Hex Matrix: 
[[51, 69, 75, 7D], [43, 7C, 22, 78], [2B, 70, 7C, 40], [21, 4F, 26, 4C]]

5C 39 7C 67 
42 34 73 5E 
5B 22 42 59 
7A 73 35 2C 
[[5C, 39, 7C, 67], [42, 34, 73, 5E], [5B, 22, 42, 59], [7A, 73, 35, 2C]]
\B[z94"s|sB5g^Y,
Answer from Hex Matrix: 
[[5C, 39, 7C, 67], [42, 34, 73, 5E], [5B, 22, 42, 59], [7A, 73, 35, 2C]]

4B 3D 5E 32 
4C 25 24 41 
57 77 2C 21 
68 33 55 43 
[[4B, 3D, 5E, 32], [4C, 25, 24, 41], [57, 77, 2C, 21], [68, 33, 55, 43]]
KLWh=%w3^$,U2A!C
Answer from Hex Matrix: 
[[4B, 3D, 5E, 32], [4C, 25, 24, 41], [57, 77, 2C, 21], [68, 33, 55, 43]]

44 35 39 26 
74 54 28 78 
46 69 5B 4B 
2D 50 68 34 
[[44, 35, 39, 26], [74, 54, 28, 78], [46, 69, 5B, 4B], [2D, 50, 68, 34]]
DtF-5TiP9([h&xK4
Answer from Hex Matrix: 
[[44, 35, 39, 26], [74, 54, 28, 78], [46, 69, 5B, 4B], [2D, 50, 68, 34]]

5A 42 6E 7C 
69 72 46 36 
65 35 27 6D 
7C 57 4A 3A 
[[5A, 42, 6E, 7C], [69, 72, 46, 36], [65, 35, 27, 6D], [7C, 57, 4A, 3A]]
Zie|Br5WnF'J|6m:
Answer from Hex Matrix: 
[[5A, 42, 6E, 7C], [69, 72, 46, 36], [65, 35, 27, 6D], [7C, 57, 4A, 3A]]

30 37 2F 48 
43 52 5E 2F 
37 2F 32 67 
44 46 6E 76 
[[30, 37, 2F, 48], [43, 52, 5E, 2F], [37, 2F, 32, 67], [44, 46, 6E, 76]]
0C7D7R/F/^2nH/gv
Answer from Hex Matrix: 
[[30, 37, 2F, 48], [43, 52, 5E, 2F], [37, 2F, 32, 67], [44, 46, 6E, 76]]

43 38 31 30 
66 64 46 7C 
32 52 3E 21 
26 33 25 6A 
[[43, 38, 31, 30], [66, 64, 46, 7C], [32, 52, 3E, 21], [26, 33, 25, 6A]]
Cf2&8dR31F>%0|!j
Answer from Hex Matrix: 
[[43, 38, 31, 30], [66, 64, 46, 7C], [32, 52, 3E, 21], [26, 33, 25, 6A]]

4B 6E 33 45 
6F 53 75 76 
26 41 49 4A 
5C 27 44 54 
[[4B, 6E, 33, 45], [6F, 53, 75, 76], [26, 41, 49, 4A], [5C, 27, 44, 54]]
Ko&\nSA'3uIDEvJT
Answer from Hex Matrix: 
[[4B, 6E, 33, 45], [6F, 53, 75, 76], [26, 41, 49, 4A], [5C, 27, 44, 54]]

39 3B 69 32 
63 72 6E 5D 
3B 3A 3E 7D 
46 7D 3A 5B 
[[39, 3B, 69, 32], [63, 72, 6E, 5D], [3B, 3A, 3E, 7D], [46, 7D, 3A, 5B]]
9c;F;r:}in>:2]}[
Answer from Hex Matrix: 
[[39, 3B, 69, 32], [63, 72, 6E, 5D], [3B, 3A, 3E, 7D], [46, 7D, 3A, 5B]]

79 56 3B 25 
4B 61 79 57 
63 67 39 6A 
60 38 5A 35 
[[79, 56, 3B, 25], [4B, 61, 79, 57], [63, 67, 39, 6A], [60, 38, 5A, 35]]
yKc`Vag8;y9Z%Wj5
Answer from Hex Matrix: 
[[79, 56, 3B, 25], [4B, 61, 79, 57], [63, 67, 39, 6A], [60, 38, 5A, 35]]

3D 5F 4E 3F 
72 44 31 59 
59 4E 57 54 
3B 50 2C 76 
[[3D, 5F, 4E, 3F], [72, 44, 31, 59], [59, 4E, 57, 54], [3B, 50, 2C, 76]]
=rY;_DNPN1W,?YTv
Answer from Hex Matrix: 
[[3D, 5F, 4E, 3F], [72, 44, 31, 59], [59, 4E, 57, 54], [3B, 50, 2C, 76]]

7A 35 68 59 
4A 78 27 38 
2D 5A 46 48 
31 62 31 2A 
[[7A, 35, 68, 59], [4A, 78, 27, 38], [2D, 5A, 46, 48], [31, 62, 31, 2A]]
zJ-15xZbh'F1Y8H*
Answer from Hex Matrix: 
[[7A, 35, 68, 59], [4A, 78, 27, 38], [2D, 5A, 46, 48], [31, 62, 31, 2A]]

48 43 7D 51 
73 65 7D 48 
4D 2D 44 37 
32 79 3D 2D 
[[48, 43, 7D, 51], [73, 65, 7D, 48], [4D, 2D, 44, 37], [32, 79, 3D, 2D]]
HsM2Ce-y}}D=QH7-
Answer from Hex Matrix: 
[[48, 43, 7D, 51], [73, 65, 7D, 48], [4D, 2D, 44, 37], [32, 79, 3D, 2D]]

39 35 68 6A 
70 7C 24 75 
48 26 29 27 
76 52 35 42 
[[39, 35, 68, 6A], [70, 7C, 24, 75], [48, 26, 29, 27], [76, 52, 35, 42]]
9pHv5|&Rh$)5ju'B
Answer from Hex Matrix: 
[[39, 35, 68, 6A], [70, 7C, 24, 75], [48, 26, 29, 27], [76, 52, 35, 42]]

73 56 2C 28 
79 3A 28 72 
3B 68 52 69 
6F 2D 50 6F 
[[73, 56, 2C, 28], [79, 3A, 28, 72], [3B, 68, 52, 69], [6F, 2D, 50, 6F]]
sy;oV:h-,(RP(rio
Answer from Hex Matrix: 
[[73, 56, 2C, 28], [79, 3A, 28, 72], [3B, 68, 52, 69], [6F, 2D, 50, 6F]]

4F 57 74 41 
36 73 27 34 
55 39 71 41 
24 65 69 28 
[[4F, 57, 74, 41], [36, 73, 27, 34], [55, 39, 71, 41], [24, 65, 69, 28]]
O6U$Ws9et'qiA4A(
Answer from Hex Matrix: 
[[4F, 57, 74, 41], [36, 73, 27, 34], [55, 39, 71, 41], [24, 65, 69, 28]]

45 35 31 75 
2C 61 2D 3A 
6D 73 35 43 
4C 75 63 31 
[[45, 35, 31, 75], [2C, 61, 2D, 3A], [6D, 73, 35, 43], [4C, 75, 63, 31]]
E,mL5asu1-5cu:C1
Answer from Hex Matrix: 
[[45, 35, 31, 75], [2C, 61, 2D, 3A], [6D, 73, 35, 43], [4C, 75, 63, 31]]

6B 22 62 31 
6C 78 4D 3F 
35 35 3F 27 
5D 6B 41 62 
[[6B, 22, 62, 31], [6C, 78, 4D, 3F], [35, 35, 3F, 27], [5D, 6B, 41, 62]]
kl5]"x5kbM?A1?'b
Answer from Hex Matrix: 
[[6B, 22, 62, 31], [6C, 78, 4D, 3F], [35, 35, 3F, 27], [5D, 6B, 41, 62]]

7A 6F 77 69 
47 49 71 5F 
3F 2F 5D 5F 
70 43 3F 36 
[[7A, 6F, 77, 69], [47, 49, 71, 5F], [3F, 2F, 5D, 5F], [70, 43, 3F, 36]]
zG?poI/Cwq]?i__6
Answer from Hex Matrix: 
[[7A, 6F, 77, 69], [47, 49, 71, 5F], [3F, 2F, 5D, 5F], [70, 43, 3F, 36]]

42 2A 76 55 
40 3D 71 41 
69 47 29 50 
34 31 3F 40 
[[42, 2A, 76, 55], [40, 3D, 71, 41], [69, 47, 29, 50], [34, 31, 3F, 40]]
B@i4*=G1vq)?UAP@
Answer from Hex Matrix: 
[[42, 2A, 76, 55], [40, 3D, 71, 41], [69, 47, 29, 50], [34, 31, 3F, 40]]

3D 76 6B 49 
3A 3B 2B 79 
43 39 59 4F 
65 47 2B 29 
[[3D, 76, 6B, 49], [3A, 3B, 2B, 79], [43, 39, 59, 4F], [65, 47, 2B, 29]]
=:Cev;9Gk+Y+IyO)
Answer from Hex Matrix: 
[[3D, 76, 6B, 49], [3A, 3B, 2B, 79], [43, 39, 59, 4F], [65, 47, 2B, 29]]

66 35 5F 5B 
29 4F 7C 67 
24 2C 57 4D 
2F 23 3A 41 
[[66, 35, 5F, 5B], [29, 4F, 7C, 67], [24, 2C, 57, 4D], [2F, 23, 3A, 41]]
f)$/5O,#_|W:[gMA
Answer from Hex Matrix: 
[[66, 35, 5F, 5B], [29, 4F, 7C, 67], [24, 2C, 57, 4D], [2F, 23, 3A, 41]]

38 68 60 33 
2F 54 32 67 
4E 2D 77 53 
78 75 40 32 
[[38, 68, 60, 33], [2F, 54, 32, 67], [4E, 2D, 77, 53], [78, 75, 40, 32]]
8/NxhT-u`2w@3gS2
Answer from Hex Matrix: 
[[38, 68, 60, 33], [2F, 54, 32, 67], [4E, 2D, 77, 53], [78, 75, 40, 32]]

41 3E 61 38 
28 5B 52 59 
24 72 29 69 
5B 38 3F 5A 
[[41, 3E, 61, 38], [28, 5B, 52, 59], [24, 72, 29, 69], [5B, 38, 3F, 5A]]
A($[>[r8aR)?8YiZ
Answer from Hex Matrix: 
[[41, 3E, 61, 38], [28, 5B, 52, 59], [24, 72, 29, 69], [5B, 38, 3F, 5A]]

73 2B 63 59 
6B 62 40 76 
43 40 38 43 
44 40 76 3E 
[[73, 2B, 63, 59], [6B, 62, 40, 76], [43, 40, 38, 43], [44, 40, 76, 3E]]
skCD+b@@c@8vYvC>
Answer from Hex Matrix: 
[[73, 2B, 63, 59], [6B, 62, 40, 76], [43, 40, 38, 43], [44, 40, 76, 3E]]

4F 5E 7A 5A 
51 6E 65 2B 
73 63 45 6C 
38 4B 6D 41 
[[4F, 5E, 7A, 5A], [51, 6E, 65, 2B], [73, 63, 45, 6C], [38, 4B, 6D, 41]]
OQs8^ncKzeEmZ+lA
Answer from Hex Matrix: 
[[4F, 5E, 7A, 5A], [51, 6E, 65, 2B], [73, 63, 45, 6C], [38, 4B, 6D, 41]]

55 5C 6C 64 
5C 68 33 26 
76 53 67 21 
36 5D 46 66 
[[55, 5C, 6C, 64], [5C, 68, 33, 26], [76, 53, 67, 21], [36, 5D, 46, 66]]
U\v6\hS]l3gFd&!f
Answer from Hex Matrix: 
[[55, 5C, 6C, 64], [5C, 68, 33, 26], [76, 53, 67, 21], [36, 5D, 46, 66]]

42 2A 7C 75 
79 56 5D 56 
65 28 57 5B 
2E 71 6A 24 
[[42, 2A, 7C, 75], [79, 56, 5D, 56], [65, 28, 57, 5B], [2E, 71, 6A, 24]]
Bye.*V(q|]WjuV[$
Answer from Hex Matrix: 
[[42, 2A, 7C, 75], [79, 56, 5D, 56], [65, 28, 57, 5B], [2E, 71, 6A, 24]]

53 43 49 6D 
23 21 41 21 
69 25 40 40 
26 4B 42 73 
[[53, 43, 49, 6D], [23, 21, 41, 21], [69, 25, 40, 40], [26, 4B, 42, 73]]
S#i&C!%KIA@Bm!@s
Answer from Hex Matrix: 
[[53, 43, 49, 6D], [23, 21, 41, 21], [69, 25, 40, 40], [26, 4B, 42, 73]]

2A 48 77 56 
2F 71 58 7A 
7C 68 3F 62 
7B 39 6F 4F 
[[2A, 48, 77, 56], [2F, 71, 58, 7A], [7C, 68, 3F, 62], [7B, 39, 6F, 4F]]
*/|{Hqh9wX?oVzbO
Answer from Hex Matrix: 
[[2A, 48, 77, 56], [2F, 71, 58, 7A], [7C, 68, 3F, 62], [7B, 39, 6F, 4F]]

63 54 4C 59 
6F 47 42 4F 
43 4C 28 57 
28 2B 29 6D 
[[63, 54, 4C, 59], [6F, 47, 42, 4F], [43, 4C, 28, 57], [28, 2B, 29, 6D]]
coC(TGL+LB()YOWm
Answer from Hex Matrix: 
[[63, 54, 4C, 59], [6F, 47, 42, 4F], [43, 4C, 28, 57], [28, 2B, 29, 6D]]

57 36 7A 52 
33 77 5E 6B 
4C 68 74 49 
53 4F 71 7B 
[[57, 36, 7A, 52], [33, 77, 5E, 6B], [4C, 68, 74, 49], [53, 4F, 71, 7B]]
W3LS6whOz^tqRkI{
Answer from Hex Matrix: 
[[57, 36, 7A, 52], [33, 77, 5E, 6B], [4C, 68, 74, 49], [53, 4F, 71, 7B]]

28 67 2C 58 
43 70 33 4B 
34 53 7C 25 
42 67 47 4A 
[[28, 67, 2C, 58], [43, 70, 33, 4B], [34, 53, 7C, 25], [42, 67, 47, 4A]]
(C4BgpSg,3|GXK%J
Answer from Hex Matrix: 
[[28, 67, 2C, 58], [43, 70, 33, 4B], [34, 53, 7C, 25], [42, 67, 47, 4A]]

68 35 55 28 
39 2E 64 65 
39 26 22 55 
30 61 2F 5A 
[[68, 35, 55, 28], [39, 2E, 64, 65], [39, 26, 22, 55], [30, 61, 2F, 5A]]
h9905.&aUd"/(eUZ
Answer from Hex Matrix: 
[[68, 35, 55, 28], [39, 2E, 64, 65], [39, 26, 22, 55], [30, 61, 2F, 5A]]

2C 4A 7B 3A 
37 68 62 49 
29 76 44 79 
64 5D 6B 61 
[[2C, 4A, 7B, 3A], [37, 68, 62, 49], [29, 76, 44, 79], [64, 5D, 6B, 61]]
,7)dJhv]{bDk:Iya
Answer from Hex Matrix: 
[[2C, 4A, 7B, 3A], [37, 68, 62, 49], [29, 76, 44, 79], [64, 5D, 6B, 61]]

77 4E 2C 52 
75 44 3B 56 
62 36 23 31 
71 45 24 30 
[[77, 4E, 2C, 52], [75, 44, 3B, 56], [62, 36, 23, 31], [71, 45, 24, 30]]
wubqND6E,;#$RV10
Answer from Hex Matrix: 
[[77, 4E, 2C, 52], [75, 44, 3B, 56], [62, 36, 23, 31], [71, 45, 24, 30]]

31 71 37 75 
2D 7C 41 67 
72 71 65 30 
7B 6E 5F 36 
[[31, 71, 37, 75], [2D, 7C, 41, 67], [72, 71, 65, 30], [7B, 6E, 5F, 36]]
1-r{q|qn7Ae_ug06
Answer from Hex Matrix: 
[[31, 71, 37, 75], [2D, 7C, 41, 67], [72, 71, 65, 30], [7B, 6E, 5F, 36]]

26 4B 34 52 
4D 3F 79 73 
36 28 3E 43 
68 75 6B 76 
[[26, 4B, 34, 52], [4D, 3F, 79, 73], [36, 28, 3E, 43], [68, 75, 6B, 76]]
&M6hK?(u4y>kRsCv
Answer from Hex Matrix: 
[[26, 4B, 34, 52], [4D, 3F, 79, 73], [36, 28, 3E, 43], [68, 75, 6B, 76]]

27 74 31 57 
77 6E 6F 69 
3E 2A 2B 2A 
68 47 6B 5F 
[[27, 74, 31, 57], [77, 6E, 6F, 69], [3E, 2A, 2B, 2A], [68, 47, 6B, 5F]]
'w>htn*G1o+kWi*_
Answer from Hex Matrix: 
[[27, 74, 31, 57], [77, 6E, 6F, 69], [3E, 2A, 2B, 2A], [68, 47, 6B, 5F]]

26 6C 2D 55 
50 57 7B 50 
54 49 22 35 
62 4F 23 66 
[[26, 6C, 2D, 55], [50, 57, 7B, 50], [54, 49, 22, 35], [62, 4F, 23, 66]]
&PTblWIO-{"#UP5f
Answer from Hex Matrix: 
[[26, 6C, 2D, 55], [50, 57, 7B, 50], [54, 49, 22, 35], [62, 4F, 23, 66]]

26 28 5B 68 
57 6C 35 44 
23 2D 22 45 
71 23 39 38 
[[26, 28, 5B, 68], [57, 6C, 35, 44], [23, 2D, 22, 45], [71, 23, 39, 38]]
&W#q(l-#[5"9hDE8
Answer from Hex Matrix: 
[[26, 28, 5B, 68], [57, 6C, 35, 44], [23, 2D, 22, 45], [71, 23, 39, 38]]

5E 54 6A 37 
46 59 37 52 
6A 5D 77 60 
52 62 6E 7A 
[[5E, 54, 6A, 37], [46, 59, 37, 52], [6A, 5D, 77, 60], [52, 62, 6E, 7A]]
^FjRTY]bj7wn7R`z
Answer from Hex Matrix: 
[[5E, 54, 6A, 37], [46, 59, 37, 52], [6A, 5D, 77, 60], [52, 62, 6E, 7A]]

[...]
N@MAJer3]}U\!eiw
Answer from Hex Matrix: 
[[4E, 4A, 5D, 21], [40, 65, 7D, 65], [4D, 72, 55, 69], [41, 33, 5C, 77]]

3E 59 28 22 
2A 41 55 28 
78 41 4C 74 
71 46 4E 24 
[[3E, 59, 28, 22], [2A, 41, 55, 28], [78, 41, 4C, 74], [71, 46, 4E, 24]]
>*xqYAAF(ULN"(t$
Answer from Hex Matrix: 
[[3E, 59, 28, 22], [2A, 41, 55, 28], [78, 41, 4C, 74], [71, 46, 4E, 24]]

61 7D 57 79 
4A 61 4A 42 
6A 6E 6E 4A 
55 54 3B 47 
[[61, 7D, 57, 79], [4A, 61, 4A, 42], [6A, 6E, 6E, 4A], [55, 54, 3B, 47]]
aJjU}anTWJn;yBJG
Answer from Hex Matrix: 
[[61, 7D, 57, 79], [4A, 61, 4A, 42], [6A, 6E, 6E, 4A], [55, 54, 3B, 47]]

7A 72 5B 22 
72 60 79 6F 
62 41 76 3F 
38 60 4E 25 
[[7A, 72, 5B, 22], [72, 60, 79, 6F], [62, 41, 76, 3F], [38, 60, 4E, 25]]
zrb8r`A`[yvN"o?%
Answer from Hex Matrix: 
[[7A, 72, 5B, 22], [72, 60, 79, 6F], [62, 41, 76, 3F], [38, 60, 4E, 25]]

49 56 35 7A 
7A 29 2A 3A 
42 4E 5A 29 
72 5B 3A 73 
[[49, 56, 35, 7A], [7A, 29, 2A, 3A], [42, 4E, 5A, 29], [72, 5B, 3A, 73]]
IzBrV)N[5*Z:z:)s
Answer from Hex Matrix: 
[[49, 56, 35, 7A], [7A, 29, 2A, 3A], [42, 4E, 5A, 29], [72, 5B, 3A, 73]]

3B 24 4A 3A 
35 3E 76 22 
23 74 24 65 
42 5B 5A 6A 
[[3B, 24, 4A, 3A], [35, 3E, 76, 22], [23, 74, 24, 65], [42, 5B, 5A, 6A]]
;5#B$>t[Jv$Z:"ej
Answer from Hex Matrix: 
[[3B, 24, 4A, 3A], [35, 3E, 76, 22], [23, 74, 24, 65], [42, 5B, 5A, 6A]]

67 6D 66 5D 
22 6A 5A 3A 
5C 27 23 38 
5F 46 5E 36 
[[67, 6D, 66, 5D], [22, 6A, 5A, 3A], [5C, 27, 23, 38], [5F, 46, 5E, 36]]
g"\_mj'FfZ#^]:86
Answer from Hex Matrix: 
[[67, 6D, 66, 5D], [22, 6A, 5A, 3A], [5C, 27, 23, 38], [5F, 46, 5E, 36]]

6E 73 4D 4C 
59 6F 69 56 
4A 23 7C 33 
36 74 5D 25 
[[6E, 73, 4D, 4C], [59, 6F, 69, 56], [4A, 23, 7C, 33], [36, 74, 5D, 25]]
nYJ6so#tMi|]LV3%
Answer from Hex Matrix: 
[[6E, 73, 4D, 4C], [59, 6F, 69, 56], [4A, 23, 7C, 33], [36, 74, 5D, 25]]

75 54 76 2C 
4A 5D 32 40 
4A 6A 6C 5F 
5C 4F 6D 46 
[[75, 54, 76, 2C], [4A, 5D, 32, 40], [4A, 6A, 6C, 5F], [5C, 4F, 6D, 46]]
uJJ\T]jOv2lm,@_F
Answer from Hex Matrix: 
[[75, 54, 76, 2C], [4A, 5D, 32, 40], [4A, 6A, 6C, 5F], [5C, 4F, 6D, 46]]

3D 62 28 6B 
3C 4D 40 6B 
41 76 6B 34 
30 68 56 29 
[[3D, 62, 28, 6B], [3C, 4D, 40, 6B], [41, 76, 6B, 34], [30, 68, 56, 29]]
=<A0bMvh(@kVkk4)
Answer from Hex Matrix: 
[[3D, 62, 28, 6B], [3C, 4D, 40, 6B], [41, 76, 6B, 34], [30, 68, 56, 29]]

57 37 23 77 
4F 3C 2A 5E 
46 67 54 2D 
48 2F 40 43 
[[57, 37, 23, 77], [4F, 3C, 2A, 5E], [46, 67, 54, 2D], [48, 2F, 40, 43]]
WOFH7<g/#*T@w^-C
Answer from Hex Matrix: 
[[57, 37, 23, 77], [4F, 3C, 2A, 5E], [46, 67, 54, 2D], [48, 2F, 40, 43]]

75 53 61 5E 
4B 6A 60 5A 
42 5C 3A 22 
5E 2A 77 46 
[[75, 53, 61, 5E], [4B, 6A, 60, 5A], [42, 5C, 3A, 22], [5E, 2A, 77, 46]]
uKB^Sj\*a`:w^Z"F
Answer from Hex Matrix: 
[[75, 53, 61, 5E], [4B, 6A, 60, 5A], [42, 5C, 3A, 22], [5E, 2A, 77, 46]]

50 5A 32 70 
67 4C 61 7D 
24 6C 3B 60 
33 4C 74 29 
[[50, 5A, 32, 70], [67, 4C, 61, 7D], [24, 6C, 3B, 60], [33, 4C, 74, 29]]
Pg$3ZLlL2a;tp}`)
Answer from Hex Matrix: 
[[50, 5A, 32, 70], [67, 4C, 61, 7D], [24, 6C, 3B, 60], [33, 4C, 74, 29]]

3B 4F 73 43 
74 4C 24 76 
57 4E 64 74 
27 4E 7D 2B 
[[3B, 4F, 73, 43], [74, 4C, 24, 76], [57, 4E, 64, 74], [27, 4E, 7D, 2B]]
;tW'OLNNs$d}Cvt+
Answer from Hex Matrix: 
[[3B, 4F, 73, 43], [74, 4C, 24, 76], [57, 4E, 64, 74], [27, 4E, 7D, 2B]]

23 47 2D 52 
3D 73 7A 39 
21 60 61 79 
2F 49 4A 4B 
[[23, 47, 2D, 52], [3D, 73, 7A, 39], [21, 60, 61, 79], [2F, 49, 4A, 4B]]
#=!/Gs`I-zaJR9yK
Answer from Hex Matrix: 
[[23, 47, 2D, 52], [3D, 73, 7A, 39], [21, 60, 61, 79], [2F, 49, 4A, 4B]]

6F 77 7D 53 
25 55 47 49 
40 47 74 24 
36 7A 78 61 
[[6F, 77, 7D, 53], [25, 55, 47, 49], [40, 47, 74, 24], [36, 7A, 78, 61]]
o%@6wUGz}GtxSI$a
Answer from Hex Matrix: 
[[6F, 77, 7D, 53], [25, 55, 47, 49], [40, 47, 74, 24], [36, 7A, 78, 61]]

69 4A 63 5D 
25 78 64 45 
61 5E 6D 61 
4F 65 65 7A 
[[69, 4A, 63, 5D], [25, 78, 64, 45], [61, 5E, 6D, 61], [4F, 65, 65, 7A]]
i%aOJx^ecdme]Eaz
Answer from Hex Matrix: 
[[69, 4A, 63, 5D], [25, 78, 64, 45], [61, 5E, 6D, 61], [4F, 65, 65, 7A]]

69 55 40 64 
50 36 77 47 
2C 53 6E 46 
55 7A 4A 54 
[[69, 55, 40, 64], [50, 36, 77, 47], [2C, 53, 6E, 46], [55, 7A, 4A, 54]]
iP,UU6Sz@wnJdGFT
Answer from Hex Matrix: 
[[69, 55, 40, 64], [50, 36, 77, 47], [2C, 53, 6E, 46], [55, 7A, 4A, 54]]

3D 56 5E 5D 
30 27 40 62 
5F 2F 5E 76 
33 27 65 58 
[[3D, 56, 5E, 5D], [30, 27, 40, 62], [5F, 2F, 5E, 76], [33, 27, 65, 58]]
=0_3V'/'^@^e]bvX
Answer from Hex Matrix: 
[[3D, 56, 5E, 5D], [30, 27, 40, 62], [5F, 2F, 5E, 76], [33, 27, 65, 58]]

48 7C 3E 23 
66 49 40 75 
5B 53 2B 5E 
6C 62 29 79 
[[48, 7C, 3E, 23], [66, 49, 40, 75], [5B, 53, 2B, 5E], [6C, 62, 29, 79]]
Hf[l|ISb>@+)#u^y
Answer from Hex Matrix: 
[[48, 7C, 3E, 23], [66, 49, 40, 75], [5B, 53, 2B, 5E], [6C, 62, 29, 79]]

24 7B 61 32 
62 69 72 75 
6F 7D 56 23 
28 34 23 5E 
[[24, 7B, 61, 32], [62, 69, 72, 75], [6F, 7D, 56, 23], [28, 34, 23, 5E]]
$bo({i}4arV#2u#^
Answer from Hex Matrix: 
[[24, 7B, 61, 32], [62, 69, 72, 75], [6F, 7D, 56, 23], [28, 34, 23, 5E]]

7C 48 7B 70 
32 6F 6A 37 
67 34 6D 5B 
77 2C 54 6A 
[[7C, 48, 7B, 70], [32, 6F, 6A, 37], [67, 34, 6D, 5B], [77, 2C, 54, 6A]]
|2gwHo4,{jmTp7[j
Answer from Hex Matrix: 
[[7C, 48, 7B, 70], [32, 6F, 6A, 37], [67, 34, 6D, 5B], [77, 2C, 54, 6A]]

71 63 2D 79 
3F 49 39 24 
3C 34 68 4E 
57 6C 24 5C 
[[71, 63, 2D, 79], [3F, 49, 39, 24], [3C, 34, 68, 4E], [57, 6C, 24, 5C]]
q?<WcI4l-9h$y$N\
Answer from Hex Matrix: 
[[71, 63, 2D, 79], [3F, 49, 39, 24], [3C, 34, 68, 4E], [57, 6C, 24, 5C]]

50 62 25 3E 
58 5B 7A 66 
46 2D 62 66 
34 4B 36 35 
[[50, 62, 25, 3E], [58, 5B, 7A, 66], [46, 2D, 62, 66], [34, 4B, 36, 35]]
PXF4b[-K%zb6>ff5
Answer from Hex Matrix: 
[[50, 62, 25, 3E], [58, 5B, 7A, 66], [46, 2D, 62, 66], [34, 4B, 36, 35]]

4D 7C 23 59 
44 21 66 3B 
29 56 75 31 
6B 6E 2B 6E 
[[4D, 7C, 23, 59], [44, 21, 66, 3B], [29, 56, 75, 31], [6B, 6E, 2B, 6E]]
MD)k|!Vn#fu+Y;1n
Answer from Hex Matrix: 
[[4D, 7C, 23, 59], [44, 21, 66, 3B], [29, 56, 75, 31], [6B, 6E, 2B, 6E]]

25 32 2B 6B 
34 5F 62 42 
5B 37 62 27 
45 33 46 6F 
[[25, 32, 2B, 6B], [34, 5F, 62, 42], [5B, 37, 62, 27], [45, 33, 46, 6F]]
%4[E2_73+bbFkB'o
Answer from Hex Matrix: 
[[25, 32, 2B, 6B], [34, 5F, 62, 42], [5B, 37, 62, 27], [45, 33, 46, 6F]]

42 26 37 6B 
2E 6C 7C 70 
53 6E 64 4F 
6A 52 4B 4E 
[[42, 26, 37, 6B], [2E, 6C, 7C, 70], [53, 6E, 64, 4F], [6A, 52, 4B, 4E]]
B.Sj&lnR7|dKkpON
Answer from Hex Matrix: 
[[42, 26, 37, 6B], [2E, 6C, 7C, 70], [53, 6E, 64, 4F], [6A, 52, 4B, 4E]]

66 63 58 23 
7A 29 4F 39 
4C 21 3F 60 
4C 6D 4A 30 
[[66, 63, 58, 23], [7A, 29, 4F, 39], [4C, 21, 3F, 60], [4C, 6D, 4A, 30]]
fzLLc)!mXO?J#9`0
Answer from Hex Matrix: 
[[66, 63, 58, 23], [7A, 29, 4F, 39], [4C, 21, 3F, 60], [4C, 6D, 4A, 30]]

76 56 4B 28 
4C 58 77 63 
3D 2C 44 63 
2D 62 38 37 
[[76, 56, 4B, 28], [4C, 58, 77, 63], [3D, 2C, 44, 63], [2D, 62, 38, 37]]
vL=-VX,bKwD8(cc7
Answer from Hex Matrix: 
[[76, 56, 4B, 28], [4C, 58, 77, 63], [3D, 2C, 44, 63], [2D, 62, 38, 37]]

24 31 74 54 
45 4B 3C 49 
36 4E 5A 25 
24 6A 32 33 
[[24, 31, 74, 54], [45, 4B, 3C, 49], [36, 4E, 5A, 25], [24, 6A, 32, 33]]
$E6$1KNjt<Z2TI%3
Answer from Hex Matrix: 
[[24, 31, 74, 54], [45, 4B, 3C, 49], [36, 4E, 5A, 25], [24, 6A, 32, 33]]

48 26 57 64 
3D 2E 4E 5E 
67 29 5F 70 
56 57 6E 54 
[[48, 26, 57, 64], [3D, 2E, 4E, 5E], [67, 29, 5F, 70], [56, 57, 6E, 54]]
H=gV&.)WWN_nd^pT
Answer from Hex Matrix: 
[[48, 26, 57, 64], [3D, 2E, 4E, 5E], [67, 29, 5F, 70], [56, 57, 6E, 54]]

59 20 65 75 
6F 4E 20 72 
75 61 59 20 
72 6D 6F 41 
[[59, 20, 65, 75], [6F, 4E, 20, 72], [75, 61, 59, 20], [72, 6D, 6F, 41]]
Your Name Your A
Answer from Hex Matrix: 
[[59, 20, 65, 75], [6F, 4E, 20, 72], [75, 61, 59, 20], [72, 6D, 6F, 41]]

64 73 6F 43 
64 73 75 69 
72 20 72 74 
65 59 20 79 
[[64, 73, 6F, 43], [64, 73, 75, 69], [72, 20, 72, 74], [65, 59, 20, 79]]
ddress Your City
Answer from Hex Matrix: 
[[64, 73, 6F, 43], [64, 73, 75, 69], [72, 20, 72, 74], [65, 59, 20, 79]]

2C 61 20 20 
20 74 5A 43 
53 65 49 6F 
74 2C 50 64 
[[2C, 61, 20, 20], [20, 74, 5A, 43], [53, 65, 49, 6F], [74, 2C, 50, 64]]
, State, ZIP Cod
Answer from Hex Matrix: 
[[2C, 61, 20, 20], [20, 74, 5A, 43], [53, 65, 49, 6F], [74, 2C, 50, 64]]

65 75 68 20 
20 72 6F 4E 
59 20 6E 75 
6F 50 65 6D 
[[65, 75, 68, 20], [20, 72, 6F, 4E], [59, 20, 6E, 75], [6F, 50, 65, 6D]]
e Your Phone Num
Answer from Hex Matrix: 
[[65, 75, 68, 20], [20, 72, 6F, 4E], [59, 20, 6E, 75], [6F, 50, 65, 6D]]

62 44 20 65 
65 61 53 72 
72 74 75 76 
20 65 70 69 
[[62, 44, 20, 65], [65, 61, 53, 72], [72, 74, 75, 76], [20, 65, 70, 69]]
ber Date Supervi
Answer from Hex Matrix: 
[[62, 44, 20, 65], [65, 61, 53, 72], [72, 74, 75, 76], [20, 65, 70, 69]]

73 73 6D 69 
6F 20 65 74 
72 4E 20 6C 
27 61 54 65 
[[73, 73, 6D, 69], [6F, 20, 65, 74], [72, 4E, 20, 6C], [27, 61, 54, 65]]
sor's Name Title
Answer from Hex Matrix: 
[[73, 73, 6D, 69], [6F, 20, 65, 74], [72, 4E, 20, 6C], [27, 61, 54, 65]]

20 61 61 6E 
4F 6E 74 20 
72 69 69 41 
67 7A 6F 64 
[[20, 61, 61, 6E], [4F, 6E, 74, 20], [72, 69, 69, 41], [67, 7A, 6F, 64]]
 Organization Ad
Answer from Hex Matrix: 
[[20, 61, 61, 6E], [4F, 6E, 74, 20], [72, 69, 69, 41], [67, 7A, 6F, 64]]

64 73 74 53 
72 20 79 74 
65 43 2C 61 
73 69 20 74 
[[64, 73, 74, 53], [72, 20, 79, 74], [65, 43, 2C, 61], [73, 69, 20, 74]]
dress City, Stat
Answer from Hex Matrix: 
[[64, 73, 74, 53], [72, 20, 79, 74], [65, 43, 2C, 61], [73, 69, 20, 74]]

65 49 6F 44 
2C 50 64 65 
20 20 65 61 
5A 43 20 72 
[[65, 49, 6F, 44], [2C, 50, 64, 65], [20, 20, 65, 61], [5A, 43, 20, 72]]
e, ZIP Code Dear
Answer from Hex Matrix: 
[[65, 49, 6F, 44], [2C, 50, 64, 65], [20, 20, 65, 61], [5A, 43, 20, 72]]

20 2F 20 74 
4D 4D 4C 20 
72 73 61 4E 
2E 2E 73 61 
[[20, 2F, 20, 74], [4D, 4D, 4C, 20], [72, 73, 61, 4E], [2E, 2E, 73, 61]]
 Mr./Ms. Last Na
Answer from Hex Matrix: 
[[20, 2F, 20, 74], [4D, 4D, 4C, 20], [72, 73, 61, 4E], [2E, 2E, 73, 61]]

6D 54 20 74 
65 68 6C 65 
3A 69 65 72 
20 73 74 20 
[[6D, 54, 20, 74], [65, 68, 6C, 65], [3A, 69, 65, 72], [20, 73, 74, 20]]
me: This letter 
Answer from Hex Matrix: 
[[6D, 54, 20, 74], [65, 68, 6C, 65], [3A, 69, 65, 72], [20, 73, 74, 20]]

69 20 6D 72 
73 66 61 65 
20 6F 6C 71 
61 72 20 75 
[[69, 20, 6D, 72], [73, 66, 61, 65], [20, 6F, 6C, 71], [61, 72, 20, 75]]
is a formal requ
Answer from Hex Matrix: 
[[69, 20, 6D, 72], [73, 66, 61, 65], [20, 6F, 6C, 71], [61, 72, 20, 75]]

65 66 61 61 
73 6F 20 76 
74 72 6C 65 
20 20 65 20 
[[65, 66, 61, 61], [73, 6F, 20, 76], [74, 72, 6C, 65], [20, 20, 65, 20]]
est for a leave 
Answer from Hex Matrix: 
[[65, 66, 61, 61], [73, 6F, 20, 76], [74, 72, 6C, 65], [20, 20, 65, 20]]

6F 62 63 74 
66 73 65 6F 
20 65 2C 20 
61 6E 20 66 
[[6F, 62, 63, 74], [66, 73, 65, 6F], [20, 65, 2C, 20], [61, 6E, 20, 66]]
of absence, to f
Answer from Hex Matrix: 
[[6F, 62, 63, 74], [66, 73, 65, 6F], [20, 65, 2C, 20], [61, 6E, 20, 66]]

6F 77 20 6F 
6C 20 6F 75 
6C 75 6E 72 
6F 70 20 20 
[[6F, 77, 20, 6F], [6C, 20, 6F, 75], [6C, 75, 6E, 72], [6F, 70, 20, 20]]
ollow up on our 
Answer from Hex Matrix: 
[[6F, 77, 20, 6F], [6C, 20, 6F, 75], [6C, 75, 6E, 72], [6F, 70, 20, 20]]

6D 69 79 65 
65 6E 65 72 
65 67 73 64 
74 20 74 61 
[[6D, 69, 79, 65], [65, 6E, 65, 72], [65, 67, 73, 64], [74, 20, 74, 61]]
meeting yesterda
Answer from Hex Matrix: 
[[6D, 69, 79, 65], [65, 6E, 65, 72], [65, 67, 73, 64], [74, 20, 74, 61]]

79 20 64 75 
2E 77 69 73 
41 65 73 73 
73 20 63 65 
[[79, 20, 64, 75], [2E, 77, 69, 73], [41, 65, 73, 73], [73, 20, 63, 65]]
y.As we discusse
Answer from Hex Matrix: 
[[79, 20, 64, 75], [2E, 77, 69, 73], [41, 65, 73, 73], [73, 20, 63, 65]]

64 20 6C 69 
2C 77 64 6B 
20 6F 20 65 
49 75 6C 20 
[[64, 20, 6C, 69], [2C, 77, 64, 6B], [20, 6F, 20, 65], [49, 75, 6C, 20]]
d, I would like 
Answer from Hex Matrix: 
[[64, 20, 6C, 69], [2C, 77, 64, 6B], [20, 6F, 20, 65], [49, 75, 6C, 20]]

74 65 73 20 
6F 71 74 6C 
20 75 20 65 
72 65 61 61 
[[74, 65, 73, 20], [6F, 71, 74, 6C], [20, 75, 20, 65], [72, 65, 61, 61]]
to request a lea
Answer from Hex Matrix: 
[[74, 65, 73, 20], [6F, 71, 74, 6C], [20, 75, 20, 65], [72, 65, 61, 61]]

76 66 73 65 
65 20 65 20 
20 61 6E 66 
6F 62 63 72 
[[76, 66, 73, 65], [65, 20, 65, 20], [20, 61, 6E, 66], [6F, 62, 63, 72]]
ve of absence fr
Answer from Hex Matrix: 
[[76, 66, 73, 65], [65, 20, 65, 20], [20, 61, 6E, 66], [6F, 62, 63, 72]]

6F 70 20 68 
6D 72 31 72 
20 69 20 6F 
41 6C 74 75 
[[6F, 70, 20, 68], [6D, 72, 31, 72], [20, 69, 20, 6F], [41, 6C, 74, 75]]
om April 1 throu
Answer from Hex Matrix: 
[[6F, 70, 20, 68], [6D, 72, 31, 72], [20, 69, 20, 6F], [41, 6C, 74, 75]]

67 75 33 32 
68 6E 30 30 
20 65 2C 58 
4A 20 20 58 
[[67, 75, 33, 32], [68, 6E, 30, 30], [20, 65, 2C, 58], [4A, 20, 20, 58]]
gh June 30, 20XX
Answer from Hex Matrix: 
[[67, 75, 33, 32], [68, 6E, 30, 30], [20, 65, 2C, 58], [4A, 20, 20, 58]]

2E 77 20 75 
20 69 72 72 
49 6C 65 6E 
20 6C 74 20 
[[2E, 77, 20, 75], [20, 69, 72, 72], [49, 6C, 65, 6E], [20, 6C, 74, 20]]
. I will return 
Answer from Hex Matrix: 
[[2E, 77, 20, 75], [20, 69, 72, 72], [49, 6C, 65, 6E], [20, 6C, 74, 20]]

74 6F 6F 75 
6F 72 6E 6C 
20 6B 20 79 
77 20 4A 20 
[[74, 6F, 6F, 75], [6F, 72, 6E, 6C], [20, 6B, 20, 79], [77, 20, 4A, 20]]
to work on July 
Answer from Hex Matrix: 
[[74, 6F, 6F, 75], [6F, 72, 6E, 6C], [20, 6B, 20, 79], [77, 20, 4A, 20]]

31 30 50 73 
2C 58 6C 65 
20 58 65 20 
32 2E 61 6C 
[[31, 30, 50, 73], [2C, 58, 6C, 65], [20, 58, 65, 20], [32, 2E, 61, 6C]]
1, 20XX.Please l
Answer from Hex Matrix: 
[[31, 30, 50, 73], [2C, 58, 6C, 65], [20, 58, 65, 20], [32, 2E, 61, 6C]]

65 65 6F 66 
74 20 77 20 
20 6B 20 49 
6D 6E 69 20 
[[65, 65, 6F, 66], [74, 20, 77, 20], [20, 6B, 20, 49], [6D, 6E, 69, 20]]
et me know if I 
Answer from Hex Matrix: 
[[65, 65, 6F, 66], [74, 20, 77, 20], [20, 6B, 20, 49], [6D, 6E, 69, 20]]

63 70 69 66 
61 72 64 75 
6E 6F 65 72 
20 76 20 74 
[[63, 70, 69, 66], [61, 72, 64, 75], [6E, 6F, 65, 72], [20, 76, 20, 74]]
can provide furt
Answer from Hex Matrix: 
[[63, 70, 69, 66], [61, 72, 64, 75], [6E, 6F, 65, 72], [20, 76, 20, 74]]

68 69 72 69 
65 6E 6D 6F 
72 66 61 6E 
20 6F 74 20 
[[68, 69, 72, 69], [65, 6E, 6D, 6F], [72, 66, 61, 6E], [20, 6F, 74, 20]]
her information 
Answer from Hex Matrix: 
[[68, 69, 72, 69], [65, 6E, 6D, 6F], [72, 66, 61, 6E], [20, 6F, 74, 20]]

6F 66 75 76 
72 20 20 65 
20 79 68 20 
69 6F 61 61 
[[6F, 66, 75, 76], [72, 20, 20, 65], [20, 79, 68, 20], [69, 6F, 61, 61]]
or if you have a
Answer from Hex Matrix: 
[[6F, 66, 75, 76], [72, 20, 20, 65], [20, 79, 68, 20], [69, 6F, 61, 61]]

6E 75 69 2E 
79 65 6F 20 
20 73 6E 54 
71 74 73 68 
[[6E, 75, 69, 2E], [79, 65, 6F, 20], [20, 73, 6E, 54], [71, 74, 73, 68]]
ny questions. Th
Answer from Hex Matrix: 
[[6E, 75, 69, 2E], [79, 65, 6F, 20], [20, 73, 6E, 54], [71, 74, 73, 68]]

61 79 76 20 
6E 6F 65 6D 
6B 75 72 75 
20 20 79 63 
[[61, 79, 76, 20], [6E, 6F, 65, 6D], [6B, 75, 72, 75], [20, 20, 79, 63]]
ank you very muc
Answer from Hex Matrix: 
[[61, 79, 76, 20], [6E, 6F, 65, 6D], [6B, 75, 72, 75], [20, 20, 79, 63]]

68 72 75 6F 
20 20 72 6E 
66 79 20 73 
6F 6F 63 69 
[[68, 72, 75, 6F], [20, 20, 72, 6E], [66, 79, 20, 73], [6F, 6F, 63, 69]]
h for your consi
Answer from Hex Matrix: 
[[68, 72, 75, 6F], [20, 20, 72, 6E], [66, 79, 20, 73], [6F, 6F, 63, 69]]

64 74 20 70 
65 69 69 72 
72 6F 6E 6F 
61 6E 20 76 
[[64, 74, 20, 70], [65, 69, 69, 72], [72, 6F, 6E, 6F], [61, 6E, 20, 76]]
deration in prov
Answer from Hex Matrix: 
[[64, 74, 20, 70], [65, 69, 69, 72], [72, 6F, 6E, 6F], [61, 6E, 20, 76]]

69 67 20 68 
64 20 77 20 
69 6D 69 74 
6E 65 74 68 
[[69, 67, 20, 68], [64, 20, 77, 20], [69, 6D, 69, 74], [6E, 65, 74, 68]]
iding me with th
Answer from Hex Matrix: 
[[69, 67, 20, 68], [64, 20, 77, 20], [69, 6D, 69, 74], [6E, 65, 74, 68]]

69 70 74 74 
73 70 75 79 
20 6F 6E 20 
6F 72 69 66 
[[69, 70, 74, 74], [73, 70, 75, 79], [20, 6F, 6E, 20], [6F, 72, 69, 66]]
is opportunity f
Answer from Hex Matrix: 
[[69, 70, 74, 74], [73, 70, 75, 79], [20, 6F, 6E, 20], [6F, 72, 69, 66]]

6F 65 6E 6C 
72 72 61 65 
20 73 6C 61 
70 6F 20 76 
[[6F, 65, 6E, 6C], [72, 72, 61, 65], [20, 73, 6C, 61], [70, 6F, 20, 76]]
or personal leav
Answer from Hex Matrix: 
[[6F, 65, 6E, 6C], [72, 72, 61, 65], [20, 73, 6C, 61], [70, 6F, 20, 76]]

65 69 72 2C 
2E 6E 65 20 
20 63 6C 59 
53 65 79 6F 
[[65, 69, 72, 2C], [2E, 6E, 65, 20], [20, 63, 6C, 59], [53, 65, 79, 6F]]
e. Sincerely, Yo
Answer from Hex Matrix: 
[[65, 69, 72, 2C], [2E, 6E, 65, 20], [20, 63, 6C, 59], [53, 65, 79, 6F]]

75 69 74 20 
72 67 75 28 
20 6E 72 68 
53 61 65 61 
[[75, 69, 74, 20], [72, 67, 75, 28], [20, 6E, 72, 68], [53, 61, 65, 61]]
ur Signature (ha
Answer from Hex Matrix: 
[[75, 69, 74, 20], [72, 67, 75, 28], [20, 6E, 72, 68], [53, 61, 65, 61]]

72 6F 6C 65 
64 70 65 72 
20 79 74 29 
63 20 74 20 
[[72, 6F, 6C, 65], [64, 70, 65, 72], [20, 79, 74, 29], [63, 20, 74, 20]]
rd copy letter) 
Answer from Hex Matrix: 
[[72, 6F, 6C, 65], [64, 70, 65, 72], [20, 79, 74, 29], [63, 20, 74, 20]]

40 73 65 20 
4D 50 6E 41 
61 68 69 72 
72 6F 78 65 
[[40, 73, 65, 20], [4D, 50, 6E, 41], [61, 68, 69, 72], [72, 6F, 78, 65]]
@MarsPhoenix Are
Answer from Hex Matrix: 
[[40, 73, 65, 20], [4D, 50, 6E, 41], [61, 68, 69, 72], [72, 6F, 78, 65]]

20 20 64 6F 
79 72 79 20 
6F 65 20 63 
75 61 74 65 
[[20, 20, 64, 6F], [79, 72, 79, 20], [6F, 65, 20, 63], [75, 61, 74, 65]]
 you ready to ce
Answer from Hex Matrix: 
[[20, 20, 64, 6F], [79, 72, 79, 20], [6F, 65, 20, 63], [75, 61, 74, 65]]

6C 61 20 6C 
65 74 57 2C 
62 65 65 20 
72 3F 6C 67 
[[6C, 61, 20, 6C], [65, 74, 57, 2C], [62, 65, 65, 20], [72, 3F, 6C, 67]]
lebrate? Well, g
Answer from Hex Matrix: 
[[6C, 61, 20, 6C], [65, 74, 57, 2C], [62, 65, 65, 20], [72, 3F, 6C, 67]]

65 65 3A 20 
74 61 20 68 
20 64 57 61 
72 79 65 76 
[[65, 65, 3A, 20], [74, 61, 20, 68], [20, 64, 57, 61], [72, 79, 65, 76]]
et ready: We hav
Answer from Hex Matrix: 
[[65, 65, 3A, 20], [74, 61, 20, 68], [20, 64, 57, 61], [72, 79, 65, 76]]

65 45 21 65 
20 21 21 73 
49 21 20 2C 
43 21 59 20 
[[65, 45, 21, 65], [20, 21, 21, 73], [49, 21, 20, 2C], [43, 21, 59, 20]]
e ICE!!!!! Yes, 
Answer from Hex Matrix: 
[[65, 45, 21, 65], [20, 21, 21, 73], [49, 21, 20, 2C], [43, 21, 59, 20]]

49 20 54 43 
43 2A 45 45 
45 57 52 2A 
2C 41 49 20 
[[49, 20, 54, 43], [43, 2A, 45, 45], [45, 57, 52, 2A], [2C, 41, 49, 20]]
ICE, *WATERICE* 
Answer from Hex Matrix: 
[[49, 20, 54, 43], [43, 2A, 45, 45], [45, 57, 52, 2A], [2C, 41, 49, 20]]

6F 61 20 74 
6E 72 77 21 
20 73 30 21 
4D 21 30 21 
[[6F, 61, 20, 74], [6E, 72, 77, 21], [20, 73, 30, 21], [4D, 21, 30, 21]]
on Mars! w00t!!!
Answer from Hex Matrix: 
[[6F, 61, 20, 74], [6E, 72, 77, 21], [20, 73, 30, 21], [4D, 21, 30, 21]]

20 74 79 65 
42 20 20 72 
65 64 65 21 
73 61 76 20 
[[20, 74, 79, 65], [42, 20, 20, 72], [65, 64, 65, 21], [73, 61, 76, 20]]
 Best day ever! 
Answer from Hex Matrix: 
[[20, 74, 79, 65], [42, 20, 20, 72], [65, 64, 65, 21], [73, 61, 76, 20]]

38 50 75 2C 
3A 4D 6E 32 
31 2D 31 30 
34 4A 39 30 
[[38, 50, 75, 2C], [3A, 4D, 6E, 32], [31, 2D, 31, 30], [34, 4A, 39, 30]]
8:14PM-Jun19,200
Answer from Hex Matrix: 
[[38, 50, 75, 2C], [3A, 4D, 6E, 32], [31, 2D, 31, 30], [34, 4A, 39, 30]]

53 20 67 20 
74 48 72 53 
61 75 79 74 
79 6E 2C 61 
[[53, 20, 67, 20], [74, 48, 72, 53], [61, 75, 79, 74], [79, 6E, 2C, 61]]
Stay Hungry, Sta
Answer from Hex Matrix: 
[[53, 20, 67, 20], [74, 48, 72, 53], [61, 75, 79, 74], [79, 6E, 2C, 61]]

48 70 74 6D 
6F 6F 69 61 
79 72 2C F1 
20 20 20 61 
[[48, 70, 74, 6D], [6F, 6F, 69, 61], [79, 72, 2C, F1], [20, 20, 20, 61]]
Hoy por ti, maña
Answer from Hex Matrix: 
[[48, 70, 74, 6D], [6F, 6F, 69, 61], [79, 72, 2C, F1], [20, 20, 20, 61]]

41 42 54 4F 
55 55 45 20 
52 53 4E 4C 
49 20 45 55 
[[41, 42, 54, 4F], [55, 55, 45, 20], [52, 53, 4E, 4C], [49, 20, 45, 55]]
AURIBUS TENEO LU
Answer from Hex Matrix: 
[[41, 42, 54, 4F], [55, 55, 45, 20], [52, 53, 4E, 4C], [49, 20, 45, 55]]

4E 20 72 42 
61 41 61 65 
67 6E 67 65 
61 75 20 72 
[[4E, 20, 72, 42], [61, 41, 61, 65], [67, 6E, 67, 65], [61, 75, 20, 72]]
Naga Anurag Beer
Answer from Hex Matrix: 
[[4E, 20, 72, 42], [61, 41, 61, 65], [67, 6E, 67, 65], [61, 75, 20, 72]]

]]></system-out>
  <system-err><![CDATA[]]></system-err>
</testsuite>
